2022-09-15 11:14:55 : INFO  Connected to kwServer...
2022-09-15 11:14:55 : INFO  D:\pyDyna\examples\Implicit\input\camry_rc\input\Camry_RC_main.k uploaded to server...
2022-09-15 11:14:55 : INFO  D:\pyDyna\examples\Implicit\input\camry_rc\input\501_RIG_BAR_roof_crush_platen5.key uploaded to server...
2022-09-15 11:14:56 : INFO  D:\pyDyna\examples\Implicit\input\camry_rc\input\Camry_V1_NoSusAndPowerTrain_impl7.k uploaded to server...
2022-09-15 11:14:57 : INFO  D:\pyDyna\examples\Implicit\input\camry_rc\input\Camry_V1_NoSusAndPowerTrain_impl7_nodes.k uploaded to server...
2022-09-15 11:14:57 : INFO  D:\pyDyna\examples\Implicit\input\camry_rc\input\roof_welds.k uploaded to server...
2022-09-15 11:14:57 : INFO  D:\pyDyna\examples\Implicit\input\camry_rc\input\weld7.k uploaded to server...
2022-09-15 11:14:57 : INFO  D:\pyDyna\examples\Implicit\input\camry_rc\input\xtra_sw.k uploaded to server...
2022-09-15 11:15:12 : INFO  Setting termination time ...
2022-09-15 11:15:12 : INFO  Material Spotweld Created...
2022-09-15 11:15:12 : INFO  Material Spotweld Created...
2022-09-15 11:15:12 : INFO  Material Spotweld Created...
2022-09-15 11:15:12 : INFO  Material Spotweld Created...
2022-09-15 11:15:12 : INFO  Material Spotweld Created...
2022-09-15 11:15:12 : INFO  Material Piecewise Linear Plasticity Created...
2022-09-15 11:15:12 : INFO  Material Piecewise Linear Plasticity Created...
2022-09-15 11:15:12 : INFO  Material Piecewise Linear Plasticity Created...
2022-09-15 11:15:12 : INFO  Material Piecewise Linear Plasticity Created...
2022-09-15 11:15:12 : INFO  Material Piecewise Linear Plasticity Created...
2022-09-15 11:15:12 : INFO  Material Piecewise Linear Plasticity Created...
2022-09-15 11:15:12 : INFO  Material Piecewise Linear Plasticity Created...
2022-09-15 11:15:12 : INFO  Material Piecewise Linear Plasticity Created...
2022-09-15 11:15:12 : INFO  Material Piecewise Linear Plasticity Created...
2022-09-15 11:15:12 : INFO  Material Piecewise Linear Plasticity Created...
2022-09-15 11:15:12 : INFO  Material Piecewise Linear Plasticity Created...
2022-09-15 11:15:12 : INFO  Material Piecewise Linear Plasticity Created...
2022-09-15 11:15:12 : INFO  Material Piecewise Linear Plasticity Created...
2022-09-15 11:15:12 : INFO  Material Piecewise Linear Plasticity Created...
2022-09-15 11:15:12 : INFO  Material Piecewise Linear Plasticity Created...
2022-09-15 11:15:12 : INFO  Material Piecewise Linear Plasticity Created...
2022-09-15 11:15:12 : INFO  Material Piecewise Linear Plasticity Created...
2022-09-15 11:15:12 : INFO  Material Piecewise Linear Plasticity Created...
2022-09-15 11:15:12 : INFO  Material Piecewise Linear Plasticity Created...
2022-09-15 11:15:12 : INFO  Material Piecewise Linear Plasticity Created...
2022-09-15 11:15:12 : INFO  Material Piecewise Linear Plasticity Created...
2022-09-15 11:15:12 : INFO  Material Piecewise Linear Plasticity Created...
2022-09-15 11:15:12 : INFO  Material Piecewise Linear Plasticity Created...
2022-09-15 11:15:12 : INFO  Material Piecewise Linear Plasticity Created...
2022-09-15 11:15:12 : INFO  Material Piecewise Linear Plasticity Created...
2022-09-15 11:15:13 : INFO  Material Piecewise Linear Plasticity Created...
2022-09-15 11:15:13 : INFO  Material Piecewise Linear Plasticity Created...
2022-09-15 11:15:13 : INFO  Material Piecewise Linear Plasticity Created...
2022-09-15 11:15:13 : INFO  Material Piecewise Linear Plasticity Created...
2022-09-15 11:15:13 : INFO  Material Piecewise Linear Plasticity Created...
2022-09-15 11:15:13 : INFO  Material Piecewise Linear Plasticity Created...
2022-09-15 11:15:13 : INFO  Material Piecewise Linear Plasticity Created...
2022-09-15 11:15:13 : INFO  Material Piecewise Linear Plasticity Created...
2022-09-15 11:15:13 : INFO  Material Piecewise Linear Plasticity Created...
2022-09-15 11:15:13 : INFO  Material Piecewise Linear Plasticity Created...
2022-09-15 11:15:13 : INFO  Material Piecewise Linear Plasticity Created...
2022-09-15 11:15:13 : INFO  Material Piecewise Linear Plasticity Created...
2022-09-15 11:15:13 : INFO  Material Piecewise Linear Plasticity Created...
2022-09-15 11:15:13 : INFO  Material Piecewise Linear Plasticity Created...
2022-09-15 11:15:13 : INFO  Material Piecewise Linear Plasticity Created...
2022-09-15 11:15:13 : INFO  Material Piecewise Linear Plasticity Created...
2022-09-15 11:15:13 : INFO  Material Piecewise Linear Plasticity Created...
2022-09-15 11:15:13 : INFO  Material Piecewise Linear Plasticity Created...
2022-09-15 11:15:13 : INFO  Material Piecewise Linear Plasticity Created...
2022-09-15 11:15:13 : INFO  Material Piecewise Linear Plasticity Created...
2022-09-15 11:15:13 : INFO  Material Piecewise Linear Plasticity Created...
2022-09-15 11:15:13 : INFO  Material Piecewise Linear Plasticity Created...
2022-09-15 11:15:13 : INFO  Material Piecewise Linear Plasticity Created...
2022-09-15 11:15:13 : INFO  Material Piecewise Linear Plasticity Created...
2022-09-15 11:15:13 : INFO  Material Piecewise Linear Plasticity Created...
2022-09-15 11:15:13 : INFO  Material Piecewise Linear Plasticity Created...
2022-09-15 11:15:13 : INFO  Material Piecewise Linear Plasticity Created...
2022-09-15 11:15:13 : INFO  Material Piecewise Linear Plasticity Created...
2022-09-15 11:15:13 : INFO  Material Piecewise Linear Plasticity Created...
2022-09-15 11:15:13 : INFO  Material Piecewise Linear Plasticity Created...
2022-09-15 11:15:13 : INFO  Material Piecewise Linear Plasticity Created...
2022-09-15 11:15:13 : INFO  Material Piecewise Linear Plasticity Created...
2022-09-15 11:15:13 : INFO  Material Piecewise Linear Plasticity Created...
2022-09-15 11:15:13 : INFO  Material Piecewise Linear Plasticity Created...
2022-09-15 11:15:13 : INFO  Material Piecewise Linear Plasticity Created...
2022-09-15 11:15:13 : INFO  Material Piecewise Linear Plasticity Created...
2022-09-15 11:15:13 : INFO  Material Piecewise Linear Plasticity Created...
2022-09-15 11:15:13 : INFO  Material Piecewise Linear Plasticity Created...
2022-09-15 11:15:13 : INFO  Material Piecewise Linear Plasticity Created...
2022-09-15 11:15:13 : INFO  Material Piecewise Linear Plasticity Created...
2022-09-15 11:15:13 : INFO  Material Piecewise Linear Plasticity Created...
2022-09-15 11:15:13 : INFO  Material Piecewise Linear Plasticity Created...
2022-09-15 11:15:13 : INFO  Material Piecewise Linear Plasticity Created...
2022-09-15 11:15:13 : INFO  Material Piecewise Linear Plasticity Created...
2022-09-15 11:15:13 : INFO  Material Piecewise Linear Plasticity Created...
2022-09-15 11:15:13 : INFO  Material Piecewise Linear Plasticity Created...
2022-09-15 11:15:13 : INFO  Material Piecewise Linear Plasticity Created...
2022-09-15 11:15:13 : INFO  Material Piecewise Linear Plasticity Created...
2022-09-15 11:15:13 : INFO  Material Piecewise Linear Plasticity Created...
2022-09-15 11:15:13 : INFO  Material Piecewise Linear Plasticity Created...
2022-09-15 11:15:13 : INFO  Material Piecewise Linear Plasticity Created...
2022-09-15 11:15:13 : INFO  Material Piecewise Linear Plasticity Created...
2022-09-15 11:15:13 : INFO  Material Piecewise Linear Plasticity Created...
2022-09-15 11:15:13 : INFO  Material Piecewise Linear Plasticity Created...
2022-09-15 11:15:13 : INFO  Material Piecewise Linear Plasticity Created...
2022-09-15 11:15:13 : INFO  Material Piecewise Linear Plasticity Created...
2022-09-15 11:15:13 : INFO  Material Piecewise Linear Plasticity Created...
2022-09-15 11:15:13 : INFO  Material Piecewise Linear Plasticity Created...
2022-09-15 11:15:13 : INFO  Material Piecewise Linear Plasticity Created...
2022-09-15 11:15:13 : INFO  Material Piecewise Linear Plasticity Created...
2022-09-15 11:15:13 : INFO  Material Piecewise Linear Plasticity Created...
2022-09-15 11:15:13 : INFO  Material Piecewise Linear Plasticity Created...
2022-09-15 11:15:13 : INFO  Material Piecewise Linear Plasticity Created...
2022-09-15 11:15:13 : INFO  Material Piecewise Linear Plasticity Created...
2022-09-15 11:15:13 : INFO  Material Piecewise Linear Plasticity Created...
2022-09-15 11:15:13 : INFO  Material Piecewise Linear Plasticity Created...
2022-09-15 11:15:13 : INFO  Material Piecewise Linear Plasticity Created...
2022-09-15 11:15:13 : INFO  Material Piecewise Linear Plasticity Created...
2022-09-15 11:15:13 : INFO  Material Piecewise Linear Plasticity Created...
2022-09-15 11:15:13 : INFO  Material Piecewise Linear Plasticity Created...
2022-09-15 11:15:13 : INFO  Material Piecewise Linear Plasticity Created...
2022-09-15 11:15:13 : INFO  Material Piecewise Linear Plasticity Created...
2022-09-15 11:15:13 : INFO  Material Piecewise Linear Plasticity Created...
2022-09-15 11:15:14 : INFO  Material Piecewise Linear Plasticity Created...
2022-09-15 11:15:14 : INFO  Material Piecewise Linear Plasticity Created...
2022-09-15 11:15:14 : INFO  Material Piecewise Linear Plasticity Created...
2022-09-15 11:15:14 : INFO  Material Piecewise Linear Plasticity Created...
2022-09-15 11:15:14 : INFO  Material Piecewise Linear Plasticity Created...
2022-09-15 11:15:14 : INFO  Material Piecewise Linear Plasticity Created...
2022-09-15 11:15:14 : INFO  Material Piecewise Linear Plasticity Created...
2022-09-15 11:15:14 : INFO  Material Piecewise Linear Plasticity Created...
2022-09-15 11:15:14 : INFO  Material Piecewise Linear Plasticity Created...
2022-09-15 11:15:14 : INFO  Material Piecewise Linear Plasticity Created...
2022-09-15 11:15:14 : INFO  Material Piecewise Linear Plasticity Created...
2022-09-15 11:15:14 : INFO  Material Piecewise Linear Plasticity Created...
2022-09-15 11:15:14 : INFO  Material Piecewise Linear Plasticity Created...
2022-09-15 11:15:14 : INFO  Material Piecewise Linear Plasticity Created...
2022-09-15 11:15:14 : INFO  Material Piecewise Linear Plasticity Created...
2022-09-15 11:15:14 : INFO  Material Piecewise Linear Plasticity Created...
2022-09-15 11:15:14 : INFO  Material Piecewise Linear Plasticity Created...
2022-09-15 11:15:14 : INFO  Material Piecewise Linear Plasticity Created...
2022-09-15 11:15:14 : INFO  Material Piecewise Linear Plasticity Created...
2022-09-15 11:15:14 : INFO  Material Piecewise Linear Plasticity Created...
2022-09-15 11:15:14 : INFO  Material Piecewise Linear Plasticity Created...
2022-09-15 11:15:14 : INFO  Material Piecewise Linear Plasticity Created...
2022-09-15 11:15:14 : INFO  Material Piecewise Linear Plasticity Created...
2022-09-15 11:15:14 : INFO  Material Piecewise Linear Plasticity Created...
2022-09-15 11:15:14 : INFO  Material Piecewise Linear Plasticity Created...
2022-09-15 11:15:14 : INFO  Material Piecewise Linear Plasticity Created...
2022-09-15 11:15:14 : INFO  Material Piecewise Linear Plasticity Created...
2022-09-15 11:15:14 : INFO  Material Piecewise Linear Plasticity Created...
2022-09-15 11:15:14 : INFO  Material Piecewise Linear Plasticity Created...
2022-09-15 11:15:14 : INFO  Material Piecewise Linear Plasticity Created...
2022-09-15 11:15:14 : INFO  Material Piecewise Linear Plasticity Created...
2022-09-15 11:15:14 : INFO  Material Piecewise Linear Plasticity Created...
2022-09-15 11:15:14 : INFO  Material Piecewise Linear Plasticity Created...
2022-09-15 11:15:14 : INFO  Material Piecewise Linear Plasticity Created...
2022-09-15 11:15:14 : INFO  Material Piecewise Linear Plasticity Created...
2022-09-15 11:15:14 : INFO  Material Piecewise Linear Plasticity Created...
2022-09-15 11:15:14 : INFO  Material Piecewise Linear Plasticity Created...
2022-09-15 11:15:14 : INFO  Material Piecewise Linear Plasticity Created...
2022-09-15 11:15:14 : INFO  Material Piecewise Linear Plasticity Created...
2022-09-15 11:15:14 : INFO  Material Piecewise Linear Plasticity Created...
2022-09-15 11:15:14 : INFO  Material Piecewise Linear Plasticity Created...
2022-09-15 11:15:14 : INFO  Material Piecewise Linear Plasticity Created...
2022-09-15 11:15:14 : INFO  Material Piecewise Linear Plasticity Created...
2022-09-15 11:15:14 : INFO  Material Piecewise Linear Plasticity Created...
2022-09-15 11:15:14 : INFO  Material Piecewise Linear Plasticity Created...
2022-09-15 11:15:14 : INFO  Material Piecewise Linear Plasticity Created...
2022-09-15 11:15:14 : INFO  Material Piecewise Linear Plasticity Created...
2022-09-15 11:15:14 : INFO  Material Piecewise Linear Plasticity Created...
2022-09-15 11:15:14 : INFO  Material Piecewise Linear Plasticity Created...
2022-09-15 11:15:14 : INFO  Material Piecewise Linear Plasticity Created...
2022-09-15 11:15:14 : INFO  Material Piecewise Linear Plasticity Created...
2022-09-15 11:15:14 : INFO  Material Piecewise Linear Plasticity Created...
2022-09-15 11:15:14 : INFO  Material Piecewise Linear Plasticity Created...
2022-09-15 11:15:14 : INFO  Material Piecewise Linear Plasticity Created...
2022-09-15 11:15:14 : INFO  Material Piecewise Linear Plasticity Created...
2022-09-15 11:15:14 : INFO  Material Piecewise Linear Plasticity Created...
2022-09-15 11:15:14 : INFO  Material Piecewise Linear Plasticity Created...
2022-09-15 11:15:14 : INFO  Material Piecewise Linear Plasticity Created...
2022-09-15 11:15:14 : INFO  Material Piecewise Linear Plasticity Created...
2022-09-15 11:15:14 : INFO  Material Piecewise Linear Plasticity Created...
2022-09-15 11:15:14 : INFO  Material Piecewise Linear Plasticity Created...
2022-09-15 11:15:14 : INFO  Material Piecewise Linear Plasticity Created...
2022-09-15 11:15:14 : INFO  Material Piecewise Linear Plasticity Created...
2022-09-15 11:15:14 : INFO  Material Piecewise Linear Plasticity Created...
2022-09-15 11:15:14 : INFO  Material Piecewise Linear Plasticity Created...
2022-09-15 11:15:14 : INFO  Material Piecewise Linear Plasticity Created...
2022-09-15 11:15:15 : INFO  Material Piecewise Linear Plasticity Created...
2022-09-15 11:15:15 : INFO  Material Piecewise Linear Plasticity Created...
2022-09-15 11:15:15 : INFO  Material Piecewise Linear Plasticity Created...
2022-09-15 11:15:15 : INFO  Material Piecewise Linear Plasticity Created...
2022-09-15 11:15:15 : INFO  Material Piecewise Linear Plasticity Created...
2022-09-15 11:15:15 : INFO  Material Piecewise Linear Plasticity Created...
2022-09-15 11:15:15 : INFO  Material Piecewise Linear Plasticity Created...
2022-09-15 11:15:15 : INFO  Material Piecewise Linear Plasticity Created...
2022-09-15 11:15:15 : INFO  Material Piecewise Linear Plasticity Created...
2022-09-15 11:15:15 : INFO  Material Piecewise Linear Plasticity Created...
2022-09-15 11:15:15 : INFO  Material Piecewise Linear Plasticity Created...
2022-09-15 11:15:15 : INFO  Material Piecewise Linear Plasticity Created...
2022-09-15 11:15:15 : INFO  Material Piecewise Linear Plasticity Created...
2022-09-15 11:15:15 : INFO  Material Piecewise Linear Plasticity Created...
2022-09-15 11:15:15 : INFO  Material Piecewise Linear Plasticity Created...
2022-09-15 11:15:15 : INFO  Material Piecewise Linear Plasticity Created...
2022-09-15 11:15:15 : INFO  Material Piecewise Linear Plasticity Created...
2022-09-15 11:15:15 : INFO  Material Piecewise Linear Plasticity Created...
2022-09-15 11:15:15 : INFO  Material Piecewise Linear Plasticity Created...
2022-09-15 11:15:15 : INFO  Material Piecewise Linear Plasticity Created...
2022-09-15 11:15:15 : INFO  Material Piecewise Linear Plasticity Created...
2022-09-15 11:15:15 : INFO  Material Piecewise Linear Plasticity Created...
2022-09-15 11:15:15 : INFO  Material Piecewise Linear Plasticity Created...
2022-09-15 11:15:15 : INFO  Material Piecewise Linear Plasticity Created...
2022-09-15 11:15:15 : INFO  Material Piecewise Linear Plasticity Created...
2022-09-15 11:15:15 : INFO  Material Piecewise Linear Plasticity Created...
2022-09-15 11:15:15 : INFO  Material Piecewise Linear Plasticity Created...
2022-09-15 11:15:15 : INFO  Material Piecewise Linear Plasticity Created...
2022-09-15 11:15:15 : INFO  Material Piecewise Linear Plasticity Created...
2022-09-15 11:15:15 : INFO  Material Piecewise Linear Plasticity Created...
2022-09-15 11:15:15 : INFO  Material Piecewise Linear Plasticity Created...
2022-09-15 11:15:15 : INFO  Material Piecewise Linear Plasticity Created...
2022-09-15 11:15:15 : INFO  Material Piecewise Linear Plasticity Created...
2022-09-15 11:15:15 : INFO  Material Piecewise Linear Plasticity Created...
2022-09-15 11:15:15 : INFO  Material Piecewise Linear Plasticity Created...
2022-09-15 11:15:15 : INFO  Material Piecewise Linear Plasticity Created...
2022-09-15 11:15:15 : INFO  Material Piecewise Linear Plasticity Created...
2022-09-15 11:15:15 : INFO  Material Piecewise Linear Plasticity Created...
2022-09-15 11:15:15 : INFO  Material Piecewise Linear Plasticity Created...
2022-09-15 11:15:15 : INFO  Material Piecewise Linear Plasticity Created...
2022-09-15 11:15:15 : INFO  Material Piecewise Linear Plasticity Created...
2022-09-15 11:15:15 : INFO  Material Piecewise Linear Plasticity Created...
2022-09-15 11:15:15 : INFO  Material Piecewise Linear Plasticity Created...
2022-09-15 11:15:15 : INFO  Material Piecewise Linear Plasticity Created...
2022-09-15 11:15:15 : INFO  Material Piecewise Linear Plasticity Created...
2022-09-15 11:15:15 : INFO  Material Piecewise Linear Plasticity Created...
2022-09-15 11:15:15 : INFO  Material Piecewise Linear Plasticity Created...
2022-09-15 11:15:15 : INFO  Material Piecewise Linear Plasticity Created...
2022-09-15 11:15:15 : INFO  Material Piecewise Linear Plasticity Created...
2022-09-15 11:15:15 : INFO  Material Piecewise Linear Plasticity Created...
2022-09-15 11:15:15 : INFO  Material Piecewise Linear Plasticity Created...
2022-09-15 11:15:15 : INFO  Material Piecewise Linear Plasticity Created...
2022-09-15 11:15:15 : INFO  Material Piecewise Linear Plasticity Created...
2022-09-15 11:15:15 : INFO  Material Piecewise Linear Plasticity Created...
2022-09-15 11:15:15 : INFO  Material Piecewise Linear Plasticity Created...
2022-09-15 11:15:15 : INFO  Material Piecewise Linear Plasticity Created...
2022-09-15 11:15:15 : INFO  Material Piecewise Linear Plasticity Created...
2022-09-15 11:15:15 : INFO  Material Piecewise Linear Plasticity Created...
2022-09-15 11:15:15 : INFO  Material Piecewise Linear Plasticity Created...
2022-09-15 11:15:15 : INFO  Material Piecewise Linear Plasticity Created...
2022-09-15 11:15:15 : INFO  Material Piecewise Linear Plasticity Created...
2022-09-15 11:15:15 : INFO  Material Piecewise Linear Plasticity Created...
2022-09-15 11:15:15 : INFO  Material Piecewise Linear Plasticity Created...
2022-09-15 11:15:15 : INFO  Material Piecewise Linear Plasticity Created...
2022-09-15 11:15:15 : INFO  Material Piecewise Linear Plasticity Created...
2022-09-15 11:15:15 : INFO  Material Piecewise Linear Plasticity Created...
2022-09-15 11:15:15 : INFO  Material Piecewise Linear Plasticity Created...
2022-09-15 11:15:15 : INFO  Material Piecewise Linear Plasticity Created...
2022-09-15 11:15:15 : INFO  Material Piecewise Linear Plasticity Created...
2022-09-15 11:15:15 : INFO  Material Piecewise Linear Plasticity Created...
2022-09-15 11:15:15 : INFO  Material Piecewise Linear Plasticity Created...
2022-09-15 11:15:15 : INFO  Material Piecewise Linear Plasticity Created...
2022-09-15 11:15:15 : INFO  Material Piecewise Linear Plasticity Created...
2022-09-15 11:15:15 : INFO  Material Piecewise Linear Plasticity Created...
2022-09-15 11:15:15 : INFO  Material Piecewise Linear Plasticity Created...
2022-09-15 11:15:15 : INFO  Material Piecewise Linear Plasticity Created...
2022-09-15 11:15:15 : INFO  Material Piecewise Linear Plasticity Created...
2022-09-15 11:15:15 : INFO  Material Piecewise Linear Plasticity Created...
2022-09-15 11:15:15 : INFO  Material Piecewise Linear Plasticity Created...
2022-09-15 11:15:16 : INFO  Material Piecewise Linear Plasticity Created...
2022-09-15 11:15:16 : INFO  Material Piecewise Linear Plasticity Created...
2022-09-15 11:15:16 : INFO  Material Piecewise Linear Plasticity Created...
2022-09-15 11:15:16 : INFO  Material Piecewise Linear Plasticity Created...
2022-09-15 11:15:16 : INFO  Material Piecewise Linear Plasticity Created...
2022-09-15 11:15:16 : INFO  Material Piecewise Linear Plasticity Created...
2022-09-15 11:15:16 : INFO  Material Piecewise Linear Plasticity Created...
2022-09-15 11:15:16 : INFO  Material Piecewise Linear Plasticity Created...
2022-09-15 11:15:16 : INFO  Material Piecewise Linear Plasticity Created...
2022-09-15 11:15:16 : INFO  Material Piecewise Linear Plasticity Created...
2022-09-15 11:15:16 : INFO  Material Piecewise Linear Plasticity Created...
2022-09-15 11:15:16 : INFO  Material Piecewise Linear Plasticity Created...
2022-09-15 11:15:16 : INFO  Material Piecewise Linear Plasticity Created...
2022-09-15 11:15:16 : INFO  Material Piecewise Linear Plasticity Created...
2022-09-15 11:15:16 : INFO  Material Piecewise Linear Plasticity Created...
2022-09-15 11:15:16 : INFO  Material Piecewise Linear Plasticity Created...
2022-09-15 11:15:16 : INFO  Material Piecewise Linear Plasticity Created...
2022-09-15 11:15:16 : INFO  Material Piecewise Linear Plasticity Created...
2022-09-15 11:15:16 : INFO  Material Piecewise Linear Plasticity Created...
2022-09-15 11:15:16 : INFO  Material Piecewise Linear Plasticity Created...
2022-09-15 11:15:16 : INFO  Material Piecewise Linear Plasticity Created...
2022-09-15 11:15:16 : INFO  Material Piecewise Linear Plasticity Created...
2022-09-15 11:15:16 : INFO  Material Piecewise Linear Plasticity Created...
2022-09-15 11:15:16 : INFO  Material Piecewise Linear Plasticity Created...
2022-09-15 11:15:16 : INFO  Material Piecewise Linear Plasticity Created...
2022-09-15 11:15:16 : INFO  Material Piecewise Linear Plasticity Created...
2022-09-15 11:15:16 : INFO  Material Piecewise Linear Plasticity Created...
2022-09-15 11:15:16 : INFO  Material Piecewise Linear Plasticity Created...
2022-09-15 11:15:16 : INFO  Material Piecewise Linear Plasticity Created...
2022-09-15 11:15:16 : INFO  Material Modified Piecewise Linear Plasticity Created...
2022-09-15 11:15:16 : INFO  Material Modified Piecewise Linear Plasticity Created...
2022-09-15 11:15:16 : INFO  Material Piecewise Linear Plasticity Created...
2022-09-15 11:15:16 : INFO  Material Piecewise Linear Plasticity Created...
2022-09-15 11:15:16 : INFO  Material Piecewise Linear Plasticity Created...
2022-09-15 11:15:16 : INFO  Material Piecewise Linear Plasticity Created...
2022-09-15 11:15:16 : INFO  Material Piecewise Linear Plasticity Created...
2022-09-15 11:15:16 : INFO  Material Piecewise Linear Plasticity Created...
2022-09-15 11:15:16 : INFO  Material Piecewise Linear Plasticity Created...
2022-09-15 11:15:16 : INFO  Material Piecewise Linear Plasticity Created...
2022-09-15 11:15:16 : INFO  Material Piecewise Linear Plasticity Created...
2022-09-15 11:15:16 : INFO  Material Piecewise Linear Plasticity Created...
2022-09-15 11:15:16 : INFO  Material Piecewise Linear Plasticity Created...
2022-09-15 11:15:16 : INFO  Material Piecewise Linear Plasticity Created...
2022-09-15 11:15:16 : INFO  Material Piecewise Linear Plasticity Created...
2022-09-15 11:15:16 : INFO  Material Piecewise Linear Plasticity Created...
2022-09-15 11:15:16 : INFO  Material Piecewise Linear Plasticity Created...
2022-09-15 11:15:16 : INFO  Material Piecewise Linear Plasticity Created...
2022-09-15 11:15:16 : INFO  Material Piecewise Linear Plasticity Created...
2022-09-15 11:15:16 : INFO  Material Piecewise Linear Plasticity Created...
2022-09-15 11:15:16 : INFO  Material Piecewise Linear Plasticity Created...
2022-09-15 11:15:16 : INFO  Material Piecewise Linear Plasticity Created...
2022-09-15 11:15:16 : INFO  Material Piecewise Linear Plasticity Created...
2022-09-15 11:15:16 : INFO  Material Piecewise Linear Plasticity Created...
2022-09-15 11:15:16 : INFO  Material Piecewise Linear Plasticity Created...
2022-09-15 11:15:16 : INFO  Material Piecewise Linear Plasticity Created...
2022-09-15 11:15:16 : INFO  Material Piecewise Linear Plasticity Created...
2022-09-15 11:15:16 : INFO  Material Piecewise Linear Plasticity Created...
2022-09-15 11:15:16 : INFO  Material Piecewise Linear Plasticity Created...
2022-09-15 11:15:16 : INFO  Material Piecewise Linear Plasticity Created...
2022-09-15 11:15:16 : INFO  Material Piecewise Linear Plasticity Created...
2022-09-15 11:15:16 : INFO  Material Piecewise Linear Plasticity Created...
2022-09-15 11:15:16 : INFO  Material Piecewise Linear Plasticity Created...
2022-09-15 11:15:16 : INFO  Material Piecewise Linear Plasticity Created...
2022-09-15 11:15:16 : INFO  Material Piecewise Linear Plasticity Created...
2022-09-15 11:15:16 : INFO  Material Piecewise Linear Plasticity Created...
2022-09-15 11:15:16 : INFO  Material Piecewise Linear Plasticity Created...
2022-09-15 11:15:16 : INFO  Material RIGID Created...
2022-09-15 11:15:16 : INFO  Material RIGID Created...
2022-09-15 11:15:16 : INFO  Material Piecewise Linear Plasticity Created...
2022-09-15 11:15:16 : INFO  Material Piecewise Linear Plasticity Created...
2022-09-15 11:15:16 : INFO  Material Piecewise Linear Plasticity Created...
2022-09-15 11:15:16 : INFO  Material Piecewise Linear Plasticity Created...
2022-09-15 11:15:16 : INFO  Material Piecewise Linear Plasticity Created...
2022-09-15 11:15:16 : INFO  Material RIGID Created...
2022-09-15 11:15:16 : INFO  Material RIGID Created...
2022-09-15 11:15:16 : INFO  Material Piecewise Linear Plasticity Created...
2022-09-15 11:15:16 : INFO  Material Piecewise Linear Plasticity Created...
2022-09-15 11:15:16 : INFO  Material Piecewise Linear Plasticity Created...
2022-09-15 11:15:17 : INFO  Material Piecewise Linear Plasticity Created...
2022-09-15 11:15:17 : INFO  Material Piecewise Linear Plasticity Created...
2022-09-15 11:15:17 : INFO  Material Piecewise Linear Plasticity Created...
2022-09-15 11:15:17 : INFO  Material Piecewise Linear Plasticity Created...
2022-09-15 11:15:17 : INFO  Material RIGID Created...
2022-09-15 11:15:17 : INFO  Material RIGID Created...
2022-09-15 11:15:17 : INFO  Material RIGID Created...
2022-09-15 11:15:17 : INFO  Material RIGID Created...
2022-09-15 11:15:17 : INFO  Material NULL Created...
2022-09-15 11:15:17 : INFO  Material NULL Created...
2022-09-15 11:15:17 : INFO  Material Piecewise Linear Plasticity Created...
2022-09-15 11:15:17 : INFO  Material Piecewise Linear Plasticity Created...
2022-09-15 11:15:17 : INFO  Material Piecewise Linear Plasticity Created...
2022-09-15 11:15:17 : INFO  Material Piecewise Linear Plasticity Created...
2022-09-15 11:15:17 : INFO  Material Piecewise Linear Plasticity Created...
2022-09-15 11:15:17 : INFO  Material Piecewise Linear Plasticity Created...
2022-09-15 11:15:17 : INFO  Material Piecewise Linear Plasticity Created...
2022-09-15 11:15:17 : INFO  Material Piecewise Linear Plasticity Created...
2022-09-15 11:15:17 : INFO  Material Piecewise Linear Plasticity Created...
2022-09-15 11:15:17 : INFO  Material Piecewise Linear Plasticity Created...
2022-09-15 11:15:17 : INFO  Material Piecewise Linear Plasticity Created...
2022-09-15 11:15:17 : INFO  Material Piecewise Linear Plasticity Created...
2022-09-15 11:15:17 : INFO  Material Piecewise Linear Plasticity Created...
2022-09-15 11:15:17 : INFO  Material Piecewise Linear Plasticity Created...
2022-09-15 11:15:17 : INFO  Material RIGID Created...
2022-09-15 11:15:17 : INFO  Spotweld Created...
2022-09-15 11:15:17 : INFO  Spotweld Created...
2022-09-15 11:15:17 : INFO  Spotweld Created...
2022-09-15 11:15:17 : INFO  Spotweld Created...
2022-09-15 11:15:17 : INFO  Spotweld Created...
2022-09-15 11:15:17 : INFO  Spotweld Created...
2022-09-15 11:15:17 : INFO  Spotweld Created...
2022-09-15 11:15:17 : INFO  Spotweld Created...
2022-09-15 11:15:17 : INFO  Spotweld Created...
2022-09-15 11:15:17 : INFO  Spotweld Created...
2022-09-15 11:15:17 : INFO  Spotweld Created...
2022-09-15 11:15:17 : INFO  Spotweld Created...
2022-09-15 11:15:17 : INFO  Spotweld Created...
2022-09-15 11:15:17 : INFO  Spotweld Created...
2022-09-15 11:15:17 : INFO  Spotweld Created...
2022-09-15 11:15:17 : INFO  Spotweld Created...
2022-09-15 11:15:17 : INFO  Spotweld Created...
2022-09-15 11:15:17 : INFO  Spotweld Created...
2022-09-15 11:15:17 : INFO  Spotweld Created...
2022-09-15 11:15:17 : INFO  Spotweld Created...
2022-09-15 11:15:17 : INFO  Spotweld Created...
2022-09-15 11:15:17 : INFO  Spotweld Created...
2022-09-15 11:15:17 : INFO  Spotweld Created...
2022-09-15 11:15:17 : INFO  Spotweld Created...
2022-09-15 11:15:17 : INFO  Spotweld Created...
2022-09-15 11:15:17 : INFO  Spotweld Created...
2022-09-15 11:15:17 : INFO  Spotweld Created...
2022-09-15 11:15:17 : INFO  Spotweld Created...
2022-09-15 11:15:17 : INFO  Spotweld Created...
2022-09-15 11:15:17 : INFO  Spotweld Created...
2022-09-15 11:15:17 : INFO  Spotweld Created...
2022-09-15 11:15:17 : INFO  Spotweld Created...
2022-09-15 11:15:17 : INFO  Spotweld Created...
2022-09-15 11:15:17 : INFO  Spotweld Created...
2022-09-15 11:15:17 : INFO  Spotweld Created...
2022-09-15 11:15:17 : INFO  Spotweld Created...
2022-09-15 11:15:17 : INFO  Spotweld Created...
2022-09-15 11:15:17 : INFO  Spotweld Created...
2022-09-15 11:15:17 : INFO  Spotweld Created...
2022-09-15 11:15:17 : INFO  Spotweld Created...
2022-09-15 11:15:17 : INFO  Spotweld Created...
2022-09-15 11:15:17 : INFO  Spotweld Created...
2022-09-15 11:15:17 : INFO  Spotweld Created...
2022-09-15 11:15:17 : INFO  Spotweld Created...
2022-09-15 11:15:17 : INFO  Spotweld Created...
2022-09-15 11:15:17 : INFO  Spotweld Created...
2022-09-15 11:15:17 : INFO  Spotweld Created...
2022-09-15 11:15:17 : INFO  Spotweld Created...
2022-09-15 11:15:17 : INFO  Spotweld Created...
2022-09-15 11:15:17 : INFO  Spotweld Created...
2022-09-15 11:15:17 : INFO  Spotweld Created...
2022-09-15 11:15:17 : INFO  Spotweld Created...
2022-09-15 11:15:17 : INFO  Spotweld Created...
2022-09-15 11:15:18 : INFO  Spotweld Created...
2022-09-15 11:15:18 : INFO  Spotweld Created...
2022-09-15 11:15:18 : INFO  Spotweld Created...
2022-09-15 11:15:18 : INFO  Spotweld Created...
2022-09-15 11:15:18 : INFO  Spotweld Created...
2022-09-15 11:15:18 : INFO  Spotweld Created...
2022-09-15 11:15:18 : INFO  Spotweld Created...
2022-09-15 11:15:18 : INFO  Spotweld Created...
2022-09-15 11:15:18 : INFO  Spotweld Created...
2022-09-15 11:15:18 : INFO  Spotweld Created...
2022-09-15 11:15:18 : INFO  Spotweld Created...
2022-09-15 11:15:18 : INFO  Spotweld Created...
2022-09-15 11:15:18 : INFO  Spotweld Created...
2022-09-15 11:15:18 : INFO  Spotweld Created...
2022-09-15 11:15:18 : INFO  Spotweld Created...
2022-09-15 11:15:18 : INFO  Spotweld Created...
2022-09-15 11:15:18 : INFO  Spotweld Created...
2022-09-15 11:15:18 : INFO  Spotweld Created...
2022-09-15 11:15:18 : INFO  Spotweld Created...
2022-09-15 11:15:18 : INFO  Spotweld Created...
2022-09-15 11:15:18 : INFO  Spotweld Created...
2022-09-15 11:15:18 : INFO  Spotweld Created...
2022-09-15 11:15:18 : INFO  Spotweld Created...
2022-09-15 11:15:18 : INFO  Spotweld Created...
2022-09-15 11:15:18 : INFO  Spotweld Created...
2022-09-15 11:15:18 : INFO  Spotweld Created...
2022-09-15 11:15:18 : INFO  Spotweld Created...
2022-09-15 11:15:18 : INFO  Spotweld Created...
2022-09-15 11:15:18 : INFO  Spotweld Created...
2022-09-15 11:15:18 : INFO  Spotweld Created...
2022-09-15 11:15:18 : INFO  Spotweld Created...
2022-09-15 11:15:18 : INFO  Spotweld Created...
2022-09-15 11:15:18 : INFO  Spotweld Created...
2022-09-15 11:15:18 : INFO  Spotweld Created...
2022-09-15 11:15:18 : INFO  Spotweld Created...
2022-09-15 11:15:18 : INFO  Spotweld Created...
2022-09-15 11:15:18 : INFO  Spotweld Created...
2022-09-15 11:15:18 : INFO  Spotweld Created...
2022-09-15 11:15:18 : INFO  Spotweld Created...
2022-09-15 11:15:18 : INFO  Spotweld Created...
2022-09-15 11:15:18 : INFO  Spotweld Created...
2022-09-15 11:15:18 : INFO  Spotweld Created...
2022-09-15 11:15:18 : INFO  Spotweld Created...
2022-09-15 11:15:18 : INFO  Spotweld Created...
2022-09-15 11:15:18 : INFO  Spotweld Created...
2022-09-15 11:15:18 : INFO  Spotweld Created...
2022-09-15 11:15:18 : INFO  Spotweld Created...
2022-09-15 11:15:18 : INFO  Spotweld Created...
2022-09-15 11:15:18 : INFO  Spotweld Created...
2022-09-15 11:15:18 : INFO  Spotweld Created...
2022-09-15 11:15:18 : INFO  Spotweld Created...
2022-09-15 11:15:18 : INFO  Spotweld Created...
2022-09-15 11:15:18 : INFO  Spotweld Created...
2022-09-15 11:15:18 : INFO  Spotweld Created...
2022-09-15 11:15:18 : INFO  Spotweld Created...
2022-09-15 11:15:18 : INFO  Spotweld Created...
2022-09-15 11:15:18 : INFO  Spotweld Created...
2022-09-15 11:15:18 : INFO  Spotweld Created...
2022-09-15 11:15:18 : INFO  Spotweld Created...
2022-09-15 11:15:18 : INFO  Spotweld Created...
2022-09-15 11:15:18 : INFO  Spotweld Created...
2022-09-15 11:15:18 : INFO  Spotweld Created...
2022-09-15 11:15:18 : INFO  Spotweld Created...
2022-09-15 11:15:18 : INFO  Spotweld Created...
2022-09-15 11:15:18 : INFO  Spotweld Created...
2022-09-15 11:15:18 : INFO  Spotweld Created...
2022-09-15 11:15:18 : INFO  Spotweld Created...
2022-09-15 11:15:18 : INFO  Spotweld Created...
2022-09-15 11:15:18 : INFO  Spotweld Created...
2022-09-15 11:15:18 : INFO  Spotweld Created...
2022-09-15 11:15:18 : INFO  Spotweld Created...
2022-09-15 11:15:18 : INFO  Spotweld Created...
2022-09-15 11:15:18 : INFO  Spotweld Created...
2022-09-15 11:15:18 : INFO  Spotweld Created...
2022-09-15 11:15:18 : INFO  Spotweld Created...
2022-09-15 11:15:18 : INFO  Spotweld Created...
2022-09-15 11:15:18 : INFO  Spotweld Created...
2022-09-15 11:15:18 : INFO  Spotweld Created...
2022-09-15 11:15:19 : INFO  Spotweld Created...
2022-09-15 11:15:19 : INFO  Spotweld Created...
2022-09-15 11:15:19 : INFO  Spotweld Created...
2022-09-15 11:15:19 : INFO  Spotweld Created...
2022-09-15 11:15:19 : INFO  Spotweld Created...
2022-09-15 11:15:19 : INFO  Spotweld Created...
2022-09-15 11:15:19 : INFO  Spotweld Created...
2022-09-15 11:15:19 : INFO  Spotweld Created...
2022-09-15 11:15:19 : INFO  Spotweld Created...
2022-09-15 11:15:19 : INFO  Spotweld Created...
2022-09-15 11:15:19 : INFO  Spotweld Created...
2022-09-15 11:15:19 : INFO  Spotweld Created...
2022-09-15 11:15:19 : INFO  Spotweld Created...
2022-09-15 11:15:19 : INFO  Spotweld Created...
2022-09-15 11:15:19 : INFO  Spotweld Created...
2022-09-15 11:15:19 : INFO  Spotweld Created...
2022-09-15 11:15:19 : INFO  Spotweld Created...
2022-09-15 11:15:19 : INFO  Spotweld Created...
2022-09-15 11:15:19 : INFO  Spotweld Created...
2022-09-15 11:15:19 : INFO  Spotweld Created...
2022-09-15 11:15:19 : INFO  Spotweld Created...
2022-09-15 11:15:19 : INFO  Spotweld Created...
2022-09-15 11:15:19 : INFO  Spotweld Created...
2022-09-15 11:15:19 : INFO  Spotweld Created...
2022-09-15 11:15:19 : INFO  Spotweld Created...
2022-09-15 11:15:19 : INFO  Spotweld Created...
2022-09-15 11:15:19 : INFO  Spotweld Created...
2022-09-15 11:15:19 : INFO  Spotweld Created...
2022-09-15 11:15:19 : INFO  Spotweld Created...
2022-09-15 11:15:19 : INFO  Spotweld Created...
2022-09-15 11:15:19 : INFO  Spotweld Created...
2022-09-15 11:15:19 : INFO  Spotweld Created...
2022-09-15 11:15:19 : INFO  Spotweld Created...
2022-09-15 11:15:19 : INFO  Spotweld Created...
2022-09-15 11:15:19 : INFO  Spotweld Created...
2022-09-15 11:15:19 : INFO  Spotweld Created...
2022-09-15 11:15:19 : INFO  Spotweld Created...
2022-09-15 11:15:19 : INFO  Spotweld Created...
2022-09-15 11:15:19 : INFO  Spotweld Created...
2022-09-15 11:15:19 : INFO  Spotweld Created...
2022-09-15 11:15:19 : INFO  Spotweld Created...
2022-09-15 11:15:19 : INFO  Spotweld Created...
2022-09-15 11:15:19 : INFO  Spotweld Created...
2022-09-15 11:15:19 : INFO  Spotweld Created...
2022-09-15 11:15:19 : INFO  Spotweld Created...
2022-09-15 11:15:19 : INFO  Spotweld Created...
2022-09-15 11:15:19 : INFO  Spotweld Created...
2022-09-15 11:15:19 : INFO  Spotweld Created...
2022-09-15 11:15:19 : INFO  Spotweld Created...
2022-09-15 11:15:19 : INFO  Spotweld Created...
2022-09-15 11:15:19 : INFO  Spotweld Created...
2022-09-15 11:15:19 : INFO  Spotweld Created...
2022-09-15 11:15:19 : INFO  Spotweld Created...
2022-09-15 11:15:19 : INFO  Spotweld Created...
2022-09-15 11:15:19 : INFO  Spotweld Created...
2022-09-15 11:15:19 : INFO  Spotweld Created...
2022-09-15 11:15:19 : INFO  Spotweld Created...
2022-09-15 11:15:19 : INFO  Spotweld Created...
2022-09-15 11:15:19 : INFO  Spotweld Created...
2022-09-15 11:15:19 : INFO  Spotweld Created...
2022-09-15 11:15:19 : INFO  Spotweld Created...
2022-09-15 11:15:19 : INFO  Spotweld Created...
2022-09-15 11:15:19 : INFO  Spotweld Created...
2022-09-15 11:15:19 : INFO  Spotweld Created...
2022-09-15 11:15:19 : INFO  Spotweld Created...
2022-09-15 11:15:19 : INFO  Spotweld Created...
2022-09-15 11:15:19 : INFO  Spotweld Created...
2022-09-15 11:15:19 : INFO  Spotweld Created...
2022-09-15 11:15:19 : INFO  Spotweld Created...
2022-09-15 11:15:19 : INFO  Spotweld Created...
2022-09-15 11:15:19 : INFO  Spotweld Created...
2022-09-15 11:15:19 : INFO  Spotweld Created...
2022-09-15 11:15:19 : INFO  Spotweld Created...
2022-09-15 11:15:19 : INFO  Spotweld Created...
2022-09-15 11:15:19 : INFO  Spotweld Created...
2022-09-15 11:15:19 : INFO  Spotweld Created...
2022-09-15 11:15:19 : INFO  Spotweld Created...
2022-09-15 11:15:19 : INFO  Spotweld Created...
2022-09-15 11:15:20 : INFO  Spotweld Created...
2022-09-15 11:15:20 : INFO  Spotweld Created...
2022-09-15 11:15:20 : INFO  Spotweld Created...
2022-09-15 11:15:20 : INFO  Spotweld Created...
2022-09-15 11:15:20 : INFO  Spotweld Created...
2022-09-15 11:15:20 : INFO  Spotweld Created...
2022-09-15 11:15:20 : INFO  Spotweld Created...
2022-09-15 11:15:20 : INFO  Spotweld Created...
2022-09-15 11:15:20 : INFO  Spotweld Created...
2022-09-15 11:15:20 : INFO  Spotweld Created...
2022-09-15 11:15:20 : INFO  Spotweld Created...
2022-09-15 11:15:20 : INFO  Spotweld Created...
2022-09-15 11:15:20 : INFO  Spotweld Created...
2022-09-15 11:15:20 : INFO  Spotweld Created...
2022-09-15 11:15:20 : INFO  Spotweld Created...
2022-09-15 11:15:20 : INFO  Spotweld Created...
2022-09-15 11:15:20 : INFO  Spotweld Created...
2022-09-15 11:15:20 : INFO  Spotweld Created...
2022-09-15 11:15:20 : INFO  Spotweld Created...
2022-09-15 11:15:20 : INFO  Spotweld Created...
2022-09-15 11:15:20 : INFO  Spotweld Created...
2022-09-15 11:15:20 : INFO  Spotweld Created...
2022-09-15 11:15:20 : INFO  Spotweld Created...
2022-09-15 11:15:20 : INFO  Spotweld Created...
2022-09-15 11:15:20 : INFO  Spotweld Created...
2022-09-15 11:15:20 : INFO  Spotweld Created...
2022-09-15 11:15:20 : INFO  Spotweld Created...
2022-09-15 11:15:20 : INFO  Spotweld Created...
2022-09-15 11:15:20 : INFO  Spotweld Created...
2022-09-15 11:15:20 : INFO  Spotweld Created...
2022-09-15 11:15:20 : INFO  Spotweld Created...
2022-09-15 11:15:20 : INFO  Spotweld Created...
2022-09-15 11:15:20 : INFO  Spotweld Created...
2022-09-15 11:15:20 : INFO  Spotweld Created...
2022-09-15 11:15:20 : INFO  Spotweld Created...
2022-09-15 11:15:20 : INFO  Spotweld Created...
2022-09-15 11:15:20 : INFO  Spotweld Created...
2022-09-15 11:15:20 : INFO  Spotweld Created...
2022-09-15 11:15:20 : INFO  Spotweld Created...
2022-09-15 11:15:20 : INFO  Spotweld Created...
2022-09-15 11:15:20 : INFO  Spotweld Created...
2022-09-15 11:15:20 : INFO  Spotweld Created...
2022-09-15 11:15:20 : INFO  Spotweld Created...
2022-09-15 11:15:20 : INFO  Spotweld Created...
2022-09-15 11:15:20 : INFO  Spotweld Created...
2022-09-15 11:15:20 : INFO  Spotweld Created...
2022-09-15 11:15:20 : INFO  Spotweld Created...
2022-09-15 11:15:20 : INFO  Spotweld Created...
2022-09-15 11:15:20 : INFO  Spotweld Created...
2022-09-15 11:15:20 : INFO  Spotweld Created...
2022-09-15 11:15:20 : INFO  Spotweld Created...
2022-09-15 11:15:20 : INFO  Spotweld Created...
2022-09-15 11:15:20 : INFO  Spotweld Created...
2022-09-15 11:15:20 : INFO  Spotweld Created...
2022-09-15 11:15:20 : INFO  Spotweld Created...
2022-09-15 11:15:20 : INFO  Spotweld Created...
2022-09-15 11:15:20 : INFO  Spotweld Created...
2022-09-15 11:15:20 : INFO  Spotweld Created...
2022-09-15 11:15:20 : INFO  Spotweld Created...
2022-09-15 11:15:20 : INFO  Spotweld Created...
2022-09-15 11:15:20 : INFO  Spotweld Created...
2022-09-15 11:15:20 : INFO  Spotweld Created...
2022-09-15 11:15:20 : INFO  Spotweld Created...
2022-09-15 11:15:20 : INFO  Spotweld Created...
2022-09-15 11:15:20 : INFO  Spotweld Created...
2022-09-15 11:15:20 : INFO  Spotweld Created...
2022-09-15 11:15:20 : INFO  Spotweld Created...
2022-09-15 11:15:20 : INFO  Spotweld Created...
2022-09-15 11:15:20 : INFO  Spotweld Created...
2022-09-15 11:15:20 : INFO  Spotweld Created...
2022-09-15 11:15:20 : INFO  Spotweld Created...
2022-09-15 11:15:20 : INFO  Spotweld Created...
2022-09-15 11:15:20 : INFO  Spotweld Created...
2022-09-15 11:15:20 : INFO  Spotweld Created...
2022-09-15 11:15:20 : INFO  Spotweld Created...
2022-09-15 11:15:20 : INFO  Spotweld Created...
2022-09-15 11:15:20 : INFO  Spotweld Created...
2022-09-15 11:15:20 : INFO  Spotweld Created...
2022-09-15 11:15:20 : INFO  Spotweld Created...
2022-09-15 11:15:20 : INFO  Spotweld Created...
2022-09-15 11:15:20 : INFO  Spotweld Created...
2022-09-15 11:15:20 : INFO  Spotweld Created...
2022-09-15 11:15:21 : INFO  Spotweld Created...
2022-09-15 11:15:21 : INFO  Spotweld Created...
2022-09-15 11:15:21 : INFO  Spotweld Created...
2022-09-15 11:15:21 : INFO  Spotweld Created...
2022-09-15 11:15:21 : INFO  Spotweld Created...
2022-09-15 11:15:21 : INFO  Spotweld Created...
2022-09-15 11:15:21 : INFO  Spotweld Created...
2022-09-15 11:15:21 : INFO  Spotweld Created...
2022-09-15 11:15:21 : INFO  Spotweld Created...
2022-09-15 11:15:21 : INFO  Spotweld Created...
2022-09-15 11:15:21 : INFO  Spotweld Created...
2022-09-15 11:15:21 : INFO  Spotweld Created...
2022-09-15 11:15:21 : INFO  Spotweld Created...
2022-09-15 11:15:21 : INFO  Spotweld Created...
2022-09-15 11:15:21 : INFO  Spotweld Created...
2022-09-15 11:15:21 : INFO  Spotweld Created...
2022-09-15 11:15:21 : INFO  Spotweld Created...
2022-09-15 11:15:21 : INFO  Spotweld Created...
2022-09-15 11:15:21 : INFO  Spotweld Created...
2022-09-15 11:15:21 : INFO  Spotweld Created...
2022-09-15 11:15:21 : INFO  Spotweld Created...
2022-09-15 11:15:21 : INFO  Spotweld Created...
2022-09-15 11:15:21 : INFO  Spotweld Created...
2022-09-15 11:15:21 : INFO  Spotweld Created...
2022-09-15 11:15:21 : INFO  Spotweld Created...
2022-09-15 11:15:21 : INFO  Spotweld Created...
2022-09-15 11:15:21 : INFO  Spotweld Created...
2022-09-15 11:15:21 : INFO  Spotweld Created...
2022-09-15 11:15:21 : INFO  Spotweld Created...
2022-09-15 11:15:21 : INFO  Spotweld Created...
2022-09-15 11:15:21 : INFO  Spotweld Created...
2022-09-15 11:15:21 : INFO  Spotweld Created...
2022-09-15 11:15:21 : INFO  Spotweld Created...
2022-09-15 11:15:21 : INFO  Spotweld Created...
2022-09-15 11:15:21 : INFO  Spotweld Created...
2022-09-15 11:15:21 : INFO  Spotweld Created...
2022-09-15 11:15:21 : INFO  Spotweld Created...
2022-09-15 11:15:21 : INFO  Spotweld Created...
2022-09-15 11:15:21 : INFO  Spotweld Created...
2022-09-15 11:15:21 : INFO  Spotweld Created...
2022-09-15 11:15:21 : INFO  Spotweld Created...
2022-09-15 11:15:21 : INFO  Spotweld Created...
2022-09-15 11:15:21 : INFO  Spotweld Created...
2022-09-15 11:15:21 : INFO  Spotweld Created...
2022-09-15 11:15:21 : INFO  Spotweld Created...
2022-09-15 11:15:21 : INFO  Spotweld Created...
2022-09-15 11:15:21 : INFO  Spotweld Created...
2022-09-15 11:15:21 : INFO  Spotweld Created...
2022-09-15 11:15:21 : INFO  Spotweld Created...
2022-09-15 11:15:21 : INFO  Spotweld Created...
2022-09-15 11:15:21 : INFO  Spotweld Created...
2022-09-15 11:15:21 : INFO  Spotweld Created...
2022-09-15 11:15:21 : INFO  Spotweld Created...
2022-09-15 11:15:21 : INFO  Spotweld Created...
2022-09-15 11:15:21 : INFO  Spotweld Created...
2022-09-15 11:15:21 : INFO  Spotweld Created...
2022-09-15 11:15:21 : INFO  Spotweld Created...
2022-09-15 11:15:21 : INFO  Spotweld Created...
2022-09-15 11:15:21 : INFO  Spotweld Created...
2022-09-15 11:15:21 : INFO  Spotweld Created...
2022-09-15 11:15:21 : INFO  Spotweld Created...
2022-09-15 11:15:21 : INFO  Spotweld Created...
2022-09-15 11:15:21 : INFO  Spotweld Created...
2022-09-15 11:15:21 : INFO  Spotweld Created...
2022-09-15 11:15:21 : INFO  Spotweld Created...
2022-09-15 11:15:21 : INFO  Spotweld Created...
2022-09-15 11:15:21 : INFO  Spotweld Created...
2022-09-15 11:15:21 : INFO  Spotweld Created...
2022-09-15 11:15:21 : INFO  Spotweld Created...
2022-09-15 11:15:21 : INFO  Spotweld Created...
2022-09-15 11:15:21 : INFO  Spotweld Created...
2022-09-15 11:15:21 : INFO  Spotweld Created...
2022-09-15 11:15:21 : INFO  Spotweld Created...
2022-09-15 11:15:21 : INFO  Spotweld Created...
2022-09-15 11:15:21 : INFO  Spotweld Created...
2022-09-15 11:15:21 : INFO  Spotweld Created...
2022-09-15 11:15:21 : INFO  Spotweld Created...
2022-09-15 11:15:21 : INFO  Spotweld Created...
2022-09-15 11:15:21 : INFO  Spotweld Created...
2022-09-15 11:15:21 : INFO  Spotweld Created...
2022-09-15 11:15:21 : INFO  Spotweld Created...
2022-09-15 11:15:21 : INFO  Spotweld Created...
2022-09-15 11:15:21 : INFO  Spotweld Created...
2022-09-15 11:15:21 : INFO  Spotweld Created...
2022-09-15 11:15:21 : INFO  Spotweld Created...
2022-09-15 11:15:22 : INFO  Spotweld Created...
2022-09-15 11:15:22 : INFO  Spotweld Created...
2022-09-15 11:15:22 : INFO  Spotweld Created...
2022-09-15 11:15:22 : INFO  Spotweld Created...
2022-09-15 11:15:22 : INFO  Spotweld Created...
2022-09-15 11:15:22 : INFO  Spotweld Created...
2022-09-15 11:15:22 : INFO  Spotweld Created...
2022-09-15 11:15:22 : INFO  Spotweld Created...
2022-09-15 11:15:22 : INFO  Spotweld Created...
2022-09-15 11:15:22 : INFO  Spotweld Created...
2022-09-15 11:15:22 : INFO  Spotweld Created...
2022-09-15 11:15:22 : INFO  Spotweld Created...
2022-09-15 11:15:22 : INFO  Spotweld Created...
2022-09-15 11:15:22 : INFO  Spotweld Created...
2022-09-15 11:15:22 : INFO  Spotweld Created...
2022-09-15 11:15:22 : INFO  Spotweld Created...
2022-09-15 11:15:22 : INFO  Spotweld Created...
2022-09-15 11:15:22 : INFO  Spotweld Created...
2022-09-15 11:15:22 : INFO  Spotweld Created...
2022-09-15 11:15:22 : INFO  Spotweld Created...
2022-09-15 11:15:22 : INFO  Spotweld Created...
2022-09-15 11:15:22 : INFO  Spotweld Created...
2022-09-15 11:15:22 : INFO  Spotweld Created...
2022-09-15 11:15:22 : INFO  Spotweld Created...
2022-09-15 11:15:22 : INFO  Spotweld Created...
2022-09-15 11:15:22 : INFO  Spotweld Created...
2022-09-15 11:15:22 : INFO  Spotweld Created...
2022-09-15 11:15:22 : INFO  Spotweld Created...
2022-09-15 11:15:22 : INFO  Spotweld Created...
2022-09-15 11:15:22 : INFO  Spotweld Created...
2022-09-15 11:15:22 : INFO  Spotweld Created...
2022-09-15 11:15:22 : INFO  Spotweld Created...
2022-09-15 11:15:22 : INFO  Spotweld Created...
2022-09-15 11:15:22 : INFO  Spotweld Created...
2022-09-15 11:15:22 : INFO  Spotweld Created...
2022-09-15 11:15:22 : INFO  Spotweld Created...
2022-09-15 11:15:22 : INFO  Spotweld Created...
2022-09-15 11:15:22 : INFO  Spotweld Created...
2022-09-15 11:15:22 : INFO  Spotweld Created...
2022-09-15 11:15:22 : INFO  Spotweld Created...
2022-09-15 11:15:22 : INFO  Spotweld Created...
2022-09-15 11:15:22 : INFO  Spotweld Created...
2022-09-15 11:15:22 : INFO  Spotweld Created...
2022-09-15 11:15:22 : INFO  Spotweld Created...
2022-09-15 11:15:22 : INFO  Spotweld Created...
2022-09-15 11:15:22 : INFO  Spotweld Created...
2022-09-15 11:15:22 : INFO  Spotweld Created...
2022-09-15 11:15:22 : INFO  Spotweld Created...
2022-09-15 11:15:22 : INFO  Spotweld Created...
2022-09-15 11:15:22 : INFO  Spotweld Created...
2022-09-15 11:15:22 : INFO  Spotweld Created...
2022-09-15 11:15:22 : INFO  Spotweld Created...
2022-09-15 11:15:22 : INFO  Spotweld Created...
2022-09-15 11:15:22 : INFO  Spotweld Created...
2022-09-15 11:15:22 : INFO  Spotweld Created...
2022-09-15 11:15:22 : INFO  Spotweld Created...
2022-09-15 11:15:22 : INFO  Spotweld Created...
2022-09-15 11:15:22 : INFO  Spotweld Created...
2022-09-15 11:15:22 : INFO  Spotweld Created...
2022-09-15 11:15:22 : INFO  Spotweld Created...
2022-09-15 11:15:22 : INFO  Spotweld Created...
2022-09-15 11:15:22 : INFO  Spotweld Created...
2022-09-15 11:15:22 : INFO  Spotweld Created...
2022-09-15 11:15:22 : INFO  Spotweld Created...
2022-09-15 11:15:22 : INFO  Spotweld Created...
2022-09-15 11:15:22 : INFO  Spotweld Created...
2022-09-15 11:15:22 : INFO  Spotweld Created...
2022-09-15 11:15:22 : INFO  Spotweld Created...
2022-09-15 11:15:22 : INFO  Spotweld Created...
2022-09-15 11:15:22 : INFO  Spotweld Created...
2022-09-15 11:15:22 : INFO  Spotweld Created...
2022-09-15 11:15:22 : INFO  Spotweld Created...
2022-09-15 11:15:22 : INFO  Spotweld Created...
2022-09-15 11:15:22 : INFO  Spotweld Created...
2022-09-15 11:15:22 : INFO  Spotweld Created...
2022-09-15 11:15:22 : INFO  Spotweld Created...
2022-09-15 11:15:22 : INFO  Spotweld Created...
2022-09-15 11:15:22 : INFO  Spotweld Created...
2022-09-15 11:15:22 : INFO  Spotweld Created...
2022-09-15 11:15:22 : INFO  Spotweld Created...
2022-09-15 11:15:22 : INFO  Spotweld Created...
2022-09-15 11:15:22 : INFO  Spotweld Created...
2022-09-15 11:15:22 : INFO  Spotweld Created...
2022-09-15 11:15:22 : INFO  Spotweld Created...
2022-09-15 11:15:22 : INFO  Spotweld Created...
2022-09-15 11:15:23 : INFO  Spotweld Created...
2022-09-15 11:15:23 : INFO  Spotweld Created...
2022-09-15 11:15:23 : INFO  Spotweld Created...
2022-09-15 11:15:23 : INFO  Spotweld Created...
2022-09-15 11:15:23 : INFO  Spotweld Created...
2022-09-15 11:15:23 : INFO  Spotweld Created...
2022-09-15 11:15:23 : INFO  Spotweld Created...
2022-09-15 11:15:23 : INFO  Spotweld Created...
2022-09-15 11:15:23 : INFO  Spotweld Created...
2022-09-15 11:15:23 : INFO  Spotweld Created...
2022-09-15 11:15:23 : INFO  Spotweld Created...
2022-09-15 11:15:23 : INFO  Spotweld Created...
2022-09-15 11:15:23 : INFO  Spotweld Created...
2022-09-15 11:15:23 : INFO  Spotweld Created...
2022-09-15 11:15:23 : INFO  Spotweld Created...
2022-09-15 11:15:23 : INFO  Spotweld Created...
2022-09-15 11:15:23 : INFO  Spotweld Created...
2022-09-15 11:15:23 : INFO  Spotweld Created...
2022-09-15 11:15:23 : INFO  Spotweld Created...
2022-09-15 11:15:23 : INFO  Spotweld Created...
2022-09-15 11:15:23 : INFO  Spotweld Created...
2022-09-15 11:15:23 : INFO  Spotweld Created...
2022-09-15 11:15:23 : INFO  Spotweld Created...
2022-09-15 11:15:23 : INFO  Spotweld Created...
2022-09-15 11:15:23 : INFO  Spotweld Created...
2022-09-15 11:15:23 : INFO  Spotweld Created...
2022-09-15 11:15:23 : INFO  Spotweld Created...
2022-09-15 11:15:23 : INFO  Spotweld Created...
2022-09-15 11:15:23 : INFO  Spotweld Created...
2022-09-15 11:15:23 : INFO  Spotweld Created...
2022-09-15 11:15:23 : INFO  Spotweld Created...
2022-09-15 11:15:23 : INFO  Spotweld Created...
2022-09-15 11:15:23 : INFO  Spotweld Created...
2022-09-15 11:15:23 : INFO  Spotweld Created...
2022-09-15 11:15:23 : INFO  Spotweld Created...
2022-09-15 11:15:23 : INFO  Spotweld Created...
2022-09-15 11:15:23 : INFO  Spotweld Created...
2022-09-15 11:15:23 : INFO  Spotweld Created...
2022-09-15 11:15:23 : INFO  Spotweld Created...
2022-09-15 11:15:23 : INFO  Spotweld Created...
2022-09-15 11:15:23 : INFO  Spotweld Created...
2022-09-15 11:15:23 : INFO  Spotweld Created...
2022-09-15 11:15:23 : INFO  Spotweld Created...
2022-09-15 11:15:23 : INFO  Spotweld Created...
2022-09-15 11:15:23 : INFO  Spotweld Created...
2022-09-15 11:15:23 : INFO  Spotweld Created...
2022-09-15 11:15:23 : INFO  Spotweld Created...
2022-09-15 11:15:23 : INFO  Spotweld Created...
2022-09-15 11:15:23 : INFO  Spotweld Created...
2022-09-15 11:15:23 : INFO  Spotweld Created...
2022-09-15 11:15:23 : INFO  Spotweld Created...
2022-09-15 11:15:23 : INFO  Spotweld Created...
2022-09-15 11:15:23 : INFO  Spotweld Created...
2022-09-15 11:15:23 : INFO  Spotweld Created...
2022-09-15 11:15:23 : INFO  Spotweld Created...
2022-09-15 11:15:23 : INFO  Spotweld Created...
2022-09-15 11:15:23 : INFO  Spotweld Created...
2022-09-15 11:15:23 : INFO  Spotweld Created...
2022-09-15 11:15:23 : INFO  Spotweld Created...
2022-09-15 11:15:23 : INFO  Spotweld Created...
2022-09-15 11:15:23 : INFO  Spotweld Created...
2022-09-15 11:15:23 : INFO  Spotweld Created...
2022-09-15 11:15:23 : INFO  Spotweld Created...
2022-09-15 11:15:23 : INFO  Spotweld Created...
2022-09-15 11:15:23 : INFO  Spotweld Created...
2022-09-15 11:15:23 : INFO  Spotweld Created...
2022-09-15 11:15:23 : INFO  Spotweld Created...
2022-09-15 11:15:23 : INFO  Spotweld Created...
2022-09-15 11:15:23 : INFO  Spotweld Created...
2022-09-15 11:15:23 : INFO  Spotweld Created...
2022-09-15 11:15:23 : INFO  Spotweld Created...
2022-09-15 11:15:23 : INFO  Spotweld Created...
2022-09-15 11:15:23 : INFO  Spotweld Created...
2022-09-15 11:15:23 : INFO  Spotweld Created...
2022-09-15 11:15:23 : INFO  Spotweld Created...
2022-09-15 11:15:23 : INFO  Spotweld Created...
2022-09-15 11:15:23 : INFO  Spotweld Created...
2022-09-15 11:15:23 : INFO  Spotweld Created...
2022-09-15 11:15:23 : INFO  Spotweld Created...
2022-09-15 11:15:23 : INFO  Spotweld Created...
2022-09-15 11:15:23 : INFO  Spotweld Created...
2022-09-15 11:15:23 : INFO  Spotweld Created...
2022-09-15 11:15:23 : INFO  Spotweld Created...
2022-09-15 11:15:23 : INFO  Spotweld Created...
2022-09-15 11:15:23 : INFO  Spotweld Created...
2022-09-15 11:15:23 : INFO  Spotweld Created...
2022-09-15 11:15:24 : INFO  Spotweld Created...
2022-09-15 11:15:24 : INFO  Spotweld Created...
2022-09-15 11:15:24 : INFO  Spotweld Created...
2022-09-15 11:15:24 : INFO  Spotweld Created...
2022-09-15 11:15:24 : INFO  Spotweld Created...
2022-09-15 11:15:24 : INFO  Spotweld Created...
2022-09-15 11:15:24 : INFO  Spotweld Created...
2022-09-15 11:15:24 : INFO  Spotweld Created...
2022-09-15 11:15:24 : INFO  Spotweld Created...
2022-09-15 11:15:24 : INFO  Spotweld Created...
2022-09-15 11:15:24 : INFO  Spotweld Created...
2022-09-15 11:15:24 : INFO  Spotweld Created...
2022-09-15 11:15:24 : INFO  Spotweld Created...
2022-09-15 11:15:24 : INFO  Spotweld Created...
2022-09-15 11:15:24 : INFO  Spotweld Created...
2022-09-15 11:15:24 : INFO  Spotweld Created...
2022-09-15 11:15:24 : INFO  Spotweld Created...
2022-09-15 11:15:24 : INFO  Spotweld Created...
2022-09-15 11:15:24 : INFO  Spotweld Created...
2022-09-15 11:15:24 : INFO  Spotweld Created...
2022-09-15 11:15:24 : INFO  Spotweld Created...
2022-09-15 11:15:24 : INFO  Spotweld Created...
2022-09-15 11:15:24 : INFO  Spotweld Created...
2022-09-15 11:15:24 : INFO  Spotweld Created...
2022-09-15 11:15:24 : INFO  Spotweld Created...
2022-09-15 11:15:24 : INFO  Spotweld Created...
2022-09-15 11:15:24 : INFO  Spotweld Created...
2022-09-15 11:15:24 : INFO  Spotweld Created...
2022-09-15 11:15:24 : INFO  Spotweld Created...
2022-09-15 11:15:24 : INFO  Spotweld Created...
2022-09-15 11:15:24 : INFO  Spotweld Created...
2022-09-15 11:15:24 : INFO  Spotweld Created...
2022-09-15 11:15:24 : INFO  Spotweld Created...
2022-09-15 11:15:24 : INFO  Spotweld Created...
2022-09-15 11:15:24 : INFO  Spotweld Created...
2022-09-15 11:15:24 : INFO  Spotweld Created...
2022-09-15 11:15:24 : INFO  Spotweld Created...
2022-09-15 11:15:24 : INFO  Spotweld Created...
2022-09-15 11:15:24 : INFO  Spotweld Created...
2022-09-15 11:15:24 : INFO  Spotweld Created...
2022-09-15 11:15:24 : INFO  Spotweld Created...
2022-09-15 11:15:24 : INFO  Spotweld Created...
2022-09-15 11:15:24 : INFO  Spotweld Created...
2022-09-15 11:15:24 : INFO  Spotweld Created...
2022-09-15 11:15:24 : INFO  Spotweld Created...
2022-09-15 11:15:24 : INFO  Spotweld Created...
2022-09-15 11:15:24 : INFO  Spotweld Created...
2022-09-15 11:15:24 : INFO  Spotweld Created...
2022-09-15 11:15:24 : INFO  Spotweld Created...
2022-09-15 11:15:24 : INFO  Spotweld Created...
2022-09-15 11:15:24 : INFO  Spotweld Created...
2022-09-15 11:15:24 : INFO  Spotweld Created...
2022-09-15 11:15:24 : INFO  Spotweld Created...
2022-09-15 11:15:24 : INFO  Spotweld Created...
2022-09-15 11:15:24 : INFO  Spotweld Created...
2022-09-15 11:15:24 : INFO  Spotweld Created...
2022-09-15 11:15:24 : INFO  Spotweld Created...
2022-09-15 11:15:24 : INFO  Spotweld Created...
2022-09-15 11:15:24 : INFO  Spotweld Created...
2022-09-15 11:15:24 : INFO  Spotweld Created...
2022-09-15 11:15:24 : INFO  Spotweld Created...
2022-09-15 11:15:24 : INFO  Spotweld Created...
2022-09-15 11:15:24 : INFO  Spotweld Created...
2022-09-15 11:15:24 : INFO  Spotweld Created...
2022-09-15 11:15:24 : INFO  Spotweld Created...
2022-09-15 11:15:24 : INFO  Spotweld Created...
2022-09-15 11:15:24 : INFO  Spotweld Created...
2022-09-15 11:15:24 : INFO  Spotweld Created...
2022-09-15 11:15:24 : INFO  Spotweld Created...
2022-09-15 11:15:24 : INFO  Spotweld Created...
2022-09-15 11:15:24 : INFO  Spotweld Created...
2022-09-15 11:15:24 : INFO  Spotweld Created...
2022-09-15 11:15:24 : INFO  Spotweld Created...
2022-09-15 11:15:24 : INFO  Spotweld Created...
2022-09-15 11:15:24 : INFO  Spotweld Created...
2022-09-15 11:15:24 : INFO  Spotweld Created...
2022-09-15 11:15:24 : INFO  Spotweld Created...
2022-09-15 11:15:24 : INFO  Spotweld Created...
2022-09-15 11:15:24 : INFO  Spotweld Created...
2022-09-15 11:15:24 : INFO  Spotweld Created...
2022-09-15 11:15:24 : INFO  Spotweld Created...
2022-09-15 11:15:24 : INFO  Spotweld Created...
2022-09-15 11:15:24 : INFO  Spotweld Created...
2022-09-15 11:15:25 : INFO  Spotweld Created...
2022-09-15 11:15:25 : INFO  Spotweld Created...
2022-09-15 11:15:25 : INFO  Spotweld Created...
2022-09-15 11:15:25 : INFO  Spotweld Created...
2022-09-15 11:15:25 : INFO  Spotweld Created...
2022-09-15 11:15:25 : INFO  Spotweld Created...
2022-09-15 11:15:25 : INFO  Spotweld Created...
2022-09-15 11:15:25 : INFO  Spotweld Created...
2022-09-15 11:15:25 : INFO  Spotweld Created...
2022-09-15 11:15:25 : INFO  Spotweld Created...
2022-09-15 11:15:25 : INFO  Spotweld Created...
2022-09-15 11:15:25 : INFO  Spotweld Created...
2022-09-15 11:15:25 : INFO  Spotweld Created...
2022-09-15 11:15:25 : INFO  Spotweld Created...
2022-09-15 11:15:25 : INFO  Spotweld Created...
2022-09-15 11:15:25 : INFO  Spotweld Created...
2022-09-15 11:15:25 : INFO  Spotweld Created...
2022-09-15 11:15:25 : INFO  Spotweld Created...
2022-09-15 11:15:25 : INFO  Spotweld Created...
2022-09-15 11:15:25 : INFO  Spotweld Created...
2022-09-15 11:15:25 : INFO  Spotweld Created...
2022-09-15 11:15:25 : INFO  Spotweld Created...
2022-09-15 11:15:25 : INFO  Spotweld Created...
2022-09-15 11:15:25 : INFO  Spotweld Created...
2022-09-15 11:15:25 : INFO  Spotweld Created...
2022-09-15 11:15:25 : INFO  Spotweld Created...
2022-09-15 11:15:25 : INFO  Spotweld Created...
2022-09-15 11:15:25 : INFO  Spotweld Created...
2022-09-15 11:15:25 : INFO  Spotweld Created...
2022-09-15 11:15:25 : INFO  Spotweld Created...
2022-09-15 11:15:25 : INFO  Spotweld Created...
2022-09-15 11:15:25 : INFO  Spotweld Created...
2022-09-15 11:15:25 : INFO  Spotweld Created...
2022-09-15 11:15:25 : INFO  Spotweld Created...
2022-09-15 11:15:25 : INFO  Spotweld Created...
2022-09-15 11:15:25 : INFO  Spotweld Created...
2022-09-15 11:15:25 : INFO  Spotweld Created...
2022-09-15 11:15:25 : INFO  Spotweld Created...
2022-09-15 11:15:25 : INFO  Spotweld Created...
2022-09-15 11:15:25 : INFO  Spotweld Created...
2022-09-15 11:15:25 : INFO  Spotweld Created...
2022-09-15 11:15:25 : INFO  Spotweld Created...
2022-09-15 11:15:25 : INFO  Spotweld Created...
2022-09-15 11:15:25 : INFO  Spotweld Created...
2022-09-15 11:15:25 : INFO  Spotweld Created...
2022-09-15 11:15:25 : INFO  Spotweld Created...
2022-09-15 11:15:25 : INFO  Spotweld Created...
2022-09-15 11:15:25 : INFO  Spotweld Created...
2022-09-15 11:15:25 : INFO  Spotweld Created...
2022-09-15 11:15:25 : INFO  Spotweld Created...
2022-09-15 11:15:25 : INFO  Spotweld Created...
2022-09-15 11:15:25 : INFO  Spotweld Created...
2022-09-15 11:15:25 : INFO  Spotweld Created...
2022-09-15 11:15:25 : INFO  Spotweld Created...
2022-09-15 11:15:25 : INFO  Spotweld Created...
2022-09-15 11:15:25 : INFO  Spotweld Created...
2022-09-15 11:15:25 : INFO  Spotweld Created...
2022-09-15 11:15:25 : INFO  Spotweld Created...
2022-09-15 11:15:25 : INFO  Spotweld Created...
2022-09-15 11:15:25 : INFO  Spotweld Created...
2022-09-15 11:15:25 : INFO  Spotweld Created...
2022-09-15 11:15:25 : INFO  Spotweld Created...
2022-09-15 11:15:25 : INFO  Spotweld Created...
2022-09-15 11:15:25 : INFO  Spotweld Created...
2022-09-15 11:15:25 : INFO  Spotweld Created...
2022-09-15 11:15:25 : INFO  Spotweld Created...
2022-09-15 11:15:25 : INFO  Spotweld Created...
2022-09-15 11:15:25 : INFO  Spotweld Created...
2022-09-15 11:15:25 : INFO  Spotweld Created...
2022-09-15 11:15:25 : INFO  Spotweld Created...
2022-09-15 11:15:25 : INFO  Spotweld Created...
2022-09-15 11:15:25 : INFO  Spotweld Created...
2022-09-15 11:15:25 : INFO  Spotweld Created...
2022-09-15 11:15:25 : INFO  Spotweld Created...
2022-09-15 11:15:25 : INFO  Spotweld Created...
2022-09-15 11:15:25 : INFO  Spotweld Created...
2022-09-15 11:15:25 : INFO  Spotweld Created...
2022-09-15 11:15:25 : INFO  Spotweld Created...
2022-09-15 11:15:25 : INFO  Spotweld Created...
2022-09-15 11:15:25 : INFO  Spotweld Created...
2022-09-15 11:15:26 : INFO  Spotweld Created...
2022-09-15 11:15:26 : INFO  Spotweld Created...
2022-09-15 11:15:26 : INFO  Spotweld Created...
2022-09-15 11:15:26 : INFO  Spotweld Created...
2022-09-15 11:15:26 : INFO  Spotweld Created...
2022-09-15 11:15:26 : INFO  Spotweld Created...
2022-09-15 11:15:26 : INFO  Spotweld Created...
2022-09-15 11:15:26 : INFO  Spotweld Created...
2022-09-15 11:15:26 : INFO  Spotweld Created...
2022-09-15 11:15:26 : INFO  Spotweld Created...
2022-09-15 11:15:26 : INFO  Spotweld Created...
2022-09-15 11:15:26 : INFO  Spotweld Created...
2022-09-15 11:15:26 : INFO  Spotweld Created...
2022-09-15 11:15:26 : INFO  Spotweld Created...
2022-09-15 11:15:26 : INFO  Spotweld Created...
2022-09-15 11:15:26 : INFO  Spotweld Created...
2022-09-15 11:15:26 : INFO  Spotweld Created...
2022-09-15 11:15:26 : INFO  Spotweld Created...
2022-09-15 11:15:26 : INFO  Spotweld Created...
2022-09-15 11:15:26 : INFO  Spotweld Created...
2022-09-15 11:15:26 : INFO  Spotweld Created...
2022-09-15 11:15:26 : INFO  Spotweld Created...
2022-09-15 11:15:26 : INFO  Spotweld Created...
2022-09-15 11:15:26 : INFO  Spotweld Created...
2022-09-15 11:15:26 : INFO  Spotweld Created...
2022-09-15 11:15:26 : INFO  Spotweld Created...
2022-09-15 11:15:26 : INFO  Spotweld Created...
2022-09-15 11:15:26 : INFO  Spotweld Created...
2022-09-15 11:15:26 : INFO  Spotweld Created...
2022-09-15 11:15:26 : INFO  Spotweld Created...
2022-09-15 11:15:26 : INFO  Spotweld Created...
2022-09-15 11:15:26 : INFO  Spotweld Created...
2022-09-15 11:15:26 : INFO  Spotweld Created...
2022-09-15 11:15:26 : INFO  Spotweld Created...
2022-09-15 11:15:26 : INFO  Spotweld Created...
2022-09-15 11:15:26 : INFO  Spotweld Created...
2022-09-15 11:15:26 : INFO  Spotweld Created...
2022-09-15 11:15:26 : INFO  Spotweld Created...
2022-09-15 11:15:26 : INFO  Spotweld Created...
2022-09-15 11:15:26 : INFO  Spotweld Created...
2022-09-15 11:15:26 : INFO  Spotweld Created...
2022-09-15 11:15:26 : INFO  Spotweld Created...
2022-09-15 11:15:26 : INFO  Spotweld Created...
2022-09-15 11:15:26 : INFO  Spotweld Created...
2022-09-15 11:15:26 : INFO  Spotweld Created...
2022-09-15 11:15:26 : INFO  Spotweld Created...
2022-09-15 11:15:26 : INFO  Spotweld Created...
2022-09-15 11:15:26 : INFO  Spotweld Created...
2022-09-15 11:15:26 : INFO  Spotweld Created...
2022-09-15 11:15:26 : INFO  Spotweld Created...
2022-09-15 11:15:26 : INFO  Spotweld Created...
2022-09-15 11:15:26 : INFO  Spotweld Created...
2022-09-15 11:15:26 : INFO  Spotweld Created...
2022-09-15 11:15:26 : INFO  Spotweld Created...
2022-09-15 11:15:26 : INFO  Spotweld Created...
2022-09-15 11:15:26 : INFO  Spotweld Created...
2022-09-15 11:15:26 : INFO  Spotweld Created...
2022-09-15 11:15:26 : INFO  Spotweld Created...
2022-09-15 11:15:26 : INFO  Spotweld Created...
2022-09-15 11:15:26 : INFO  Spotweld Created...
2022-09-15 11:15:26 : INFO  Spotweld Created...
2022-09-15 11:15:26 : INFO  Spotweld Created...
2022-09-15 11:15:26 : INFO  Spotweld Created...
2022-09-15 11:15:26 : INFO  Spotweld Created...
2022-09-15 11:15:26 : INFO  Spotweld Created...
2022-09-15 11:15:26 : INFO  Spotweld Created...
2022-09-15 11:15:26 : INFO  Spotweld Created...
2022-09-15 11:15:26 : INFO  Spotweld Created...
2022-09-15 11:15:26 : INFO  Spotweld Created...
2022-09-15 11:15:26 : INFO  Spotweld Created...
2022-09-15 11:15:26 : INFO  Spotweld Created...
2022-09-15 11:15:26 : INFO  Spotweld Created...
2022-09-15 11:15:26 : INFO  Spotweld Created...
2022-09-15 11:15:26 : INFO  Spotweld Created...
2022-09-15 11:15:26 : INFO  Spotweld Created...
2022-09-15 11:15:26 : INFO  Spotweld Created...
2022-09-15 11:15:26 : INFO  Spotweld Created...
2022-09-15 11:15:26 : INFO  Spotweld Created...
2022-09-15 11:15:26 : INFO  Spotweld Created...
2022-09-15 11:15:26 : INFO  Spotweld Created...
2022-09-15 11:15:26 : INFO  Spotweld Created...
2022-09-15 11:15:26 : INFO  Spotweld Created...
2022-09-15 11:15:26 : INFO  Spotweld Created...
2022-09-15 11:15:26 : INFO  Spotweld Created...
2022-09-15 11:15:26 : INFO  Spotweld Created...
2022-09-15 11:15:26 : INFO  Spotweld Created...
2022-09-15 11:15:27 : INFO  Spotweld Created...
2022-09-15 11:15:27 : INFO  Spotweld Created...
2022-09-15 11:15:27 : INFO  Spotweld Created...
2022-09-15 11:15:27 : INFO  Spotweld Created...
2022-09-15 11:15:27 : INFO  Spotweld Created...
2022-09-15 11:15:27 : INFO  Spotweld Created...
2022-09-15 11:15:27 : INFO  Spotweld Created...
2022-09-15 11:15:27 : INFO  Spotweld Created...
2022-09-15 11:15:27 : INFO  Spotweld Created...
2022-09-15 11:15:27 : INFO  Spotweld Created...
2022-09-15 11:15:27 : INFO  Spotweld Created...
2022-09-15 11:15:27 : INFO  Spotweld Created...
2022-09-15 11:15:27 : INFO  Spotweld Created...
2022-09-15 11:15:27 : INFO  Spotweld Created...
2022-09-15 11:15:27 : INFO  Spotweld Created...
2022-09-15 11:15:27 : INFO  Spotweld Created...
2022-09-15 11:15:27 : INFO  Spotweld Created...
2022-09-15 11:15:27 : INFO  Spotweld Created...
2022-09-15 11:15:27 : INFO  Spotweld Created...
2022-09-15 11:15:27 : INFO  Spotweld Created...
2022-09-15 11:15:27 : INFO  Spotweld Created...
2022-09-15 11:15:27 : INFO  Spotweld Created...
2022-09-15 11:15:27 : INFO  Spotweld Created...
2022-09-15 11:15:27 : INFO  Spotweld Created...
2022-09-15 11:15:27 : INFO  Spotweld Created...
2022-09-15 11:15:27 : INFO  Spotweld Created...
2022-09-15 11:15:27 : INFO  Spotweld Created...
2022-09-15 11:15:27 : INFO  Spotweld Created...
2022-09-15 11:15:27 : INFO  Spotweld Created...
2022-09-15 11:15:27 : INFO  Spotweld Created...
2022-09-15 11:15:27 : INFO  Spotweld Created...
2022-09-15 11:15:27 : INFO  Spotweld Created...
2022-09-15 11:15:27 : INFO  Spotweld Created...
2022-09-15 11:15:27 : INFO  Spotweld Created...
2022-09-15 11:15:27 : INFO  Spotweld Created...
2022-09-15 11:15:27 : INFO  Spotweld Created...
2022-09-15 11:15:27 : INFO  Spotweld Created...
2022-09-15 11:15:27 : INFO  Spotweld Created...
2022-09-15 11:15:27 : INFO  Spotweld Created...
2022-09-15 11:15:27 : INFO  Spotweld Created...
2022-09-15 11:15:27 : INFO  Spotweld Created...
2022-09-15 11:15:27 : INFO  Spotweld Created...
2022-09-15 11:15:27 : INFO  Spotweld Created...
2022-09-15 11:15:27 : INFO  Spotweld Created...
2022-09-15 11:15:27 : INFO  Spotweld Created...
2022-09-15 11:15:27 : INFO  Spotweld Created...
2022-09-15 11:15:27 : INFO  Spotweld Created...
2022-09-15 11:15:27 : INFO  Spotweld Created...
2022-09-15 11:15:27 : INFO  Spotweld Created...
2022-09-15 11:15:27 : INFO  Spotweld Created...
2022-09-15 11:15:27 : INFO  Spotweld Created...
2022-09-15 11:15:27 : INFO  Spotweld Created...
2022-09-15 11:15:27 : INFO  Spotweld Created...
2022-09-15 11:15:27 : INFO  Spotweld Created...
2022-09-15 11:15:27 : INFO  Spotweld Created...
2022-09-15 11:15:27 : INFO  Spotweld Created...
2022-09-15 11:15:27 : INFO  Spotweld Created...
2022-09-15 11:15:27 : INFO  Spotweld Created...
2022-09-15 11:15:27 : INFO  Spotweld Created...
2022-09-15 11:15:27 : INFO  Spotweld Created...
2022-09-15 11:15:27 : INFO  Spotweld Created...
2022-09-15 11:15:27 : INFO  Spotweld Created...
2022-09-15 11:15:27 : INFO  Spotweld Created...
2022-09-15 11:15:27 : INFO  Spotweld Created...
2022-09-15 11:15:27 : INFO  Spotweld Created...
2022-09-15 11:15:27 : INFO  Spotweld Created...
2022-09-15 11:15:27 : INFO  Spotweld Created...
2022-09-15 11:15:27 : INFO  Spotweld Created...
2022-09-15 11:15:27 : INFO  Spotweld Created...
2022-09-15 11:15:27 : INFO  Spotweld Created...
2022-09-15 11:15:27 : INFO  Spotweld Created...
2022-09-15 11:15:27 : INFO  Spotweld Created...
2022-09-15 11:15:27 : INFO  Spotweld Created...
2022-09-15 11:15:27 : INFO  Spotweld Created...
2022-09-15 11:15:28 : INFO  Spotweld Created...
2022-09-15 11:15:28 : INFO  Spotweld Created...
2022-09-15 11:15:28 : INFO  Spotweld Created...
2022-09-15 11:15:28 : INFO  Spotweld Created...
2022-09-15 11:15:28 : INFO  Spotweld Created...
2022-09-15 11:15:28 : INFO  Spotweld Created...
2022-09-15 11:15:28 : INFO  Spotweld Created...
2022-09-15 11:15:28 : INFO  Spotweld Created...
2022-09-15 11:15:28 : INFO  Spotweld Created...
2022-09-15 11:15:28 : INFO  Spotweld Created...
2022-09-15 11:15:28 : INFO  Spotweld Created...
2022-09-15 11:15:28 : INFO  Spotweld Created...
2022-09-15 11:15:28 : INFO  Spotweld Created...
2022-09-15 11:15:28 : INFO  Spotweld Created...
2022-09-15 11:15:28 : INFO  Spotweld Created...
2022-09-15 11:15:28 : INFO  Spotweld Created...
2022-09-15 11:15:28 : INFO  Spotweld Created...
2022-09-15 11:15:28 : INFO  Spotweld Created...
2022-09-15 11:15:28 : INFO  Spotweld Created...
2022-09-15 11:15:28 : INFO  Spotweld Created...
2022-09-15 11:15:28 : INFO  Spotweld Created...
2022-09-15 11:15:28 : INFO  Spotweld Created...
2022-09-15 11:15:28 : INFO  Spotweld Created...
2022-09-15 11:15:28 : INFO  Spotweld Created...
2022-09-15 11:15:28 : INFO  Spotweld Created...
2022-09-15 11:15:28 : INFO  Spotweld Created...
2022-09-15 11:15:28 : INFO  Spotweld Created...
2022-09-15 11:15:28 : INFO  Spotweld Created...
2022-09-15 11:15:28 : INFO  Spotweld Created...
2022-09-15 11:15:28 : INFO  Spotweld Created...
2022-09-15 11:15:28 : INFO  Spotweld Created...
2022-09-15 11:15:28 : INFO  Spotweld Created...
2022-09-15 11:15:28 : INFO  Spotweld Created...
2022-09-15 11:15:28 : INFO  Spotweld Created...
2022-09-15 11:15:28 : INFO  Spotweld Created...
2022-09-15 11:15:28 : INFO  Spotweld Created...
2022-09-15 11:15:28 : INFO  Spotweld Created...
2022-09-15 11:15:28 : INFO  Spotweld Created...
2022-09-15 11:15:28 : INFO  Spotweld Created...
2022-09-15 11:15:28 : INFO  Spotweld Created...
2022-09-15 11:15:28 : INFO  Spotweld Created...
2022-09-15 11:15:28 : INFO  Spotweld Created...
2022-09-15 11:15:28 : INFO  Spotweld Created...
2022-09-15 11:15:28 : INFO  Spotweld Created...
2022-09-15 11:15:28 : INFO  Spotweld Created...
2022-09-15 11:15:28 : INFO  CNRB Created...
2022-09-15 11:15:28 : INFO  CNRB Created...
2022-09-15 11:15:28 : INFO  CNRB Created...
2022-09-15 11:15:28 : INFO  CNRB Created...
2022-09-15 11:15:28 : INFO  CNRB Created...
2022-09-15 11:15:28 : INFO  CNRB Created...
2022-09-15 11:15:28 : INFO  CNRB Created...
2022-09-15 11:15:28 : INFO  CNRB Created...
2022-09-15 11:15:28 : INFO  CNRB Created...
2022-09-15 11:15:28 : INFO  CNRB Created...
2022-09-15 11:15:28 : INFO  CNRB Created...
2022-09-15 11:15:28 : INFO  CNRB Created...
2022-09-15 11:15:28 : INFO  CNRB Created...
2022-09-15 11:15:28 : INFO  CNRB Created...
2022-09-15 11:15:28 : INFO  CNRB Created...
2022-09-15 11:15:28 : INFO  CNRB Created...
2022-09-15 11:15:28 : INFO  CNRB Created...
2022-09-15 11:15:28 : INFO  CNRB Created...
2022-09-15 11:15:28 : INFO  CNRB Created...
2022-09-15 11:15:28 : INFO  CNRB Created...
2022-09-15 11:15:28 : INFO  CNRB Created...
2022-09-15 11:15:28 : INFO  CNRB Created...
2022-09-15 11:15:28 : INFO  CNRB Created...
2022-09-15 11:15:28 : INFO  CNRB Created...
2022-09-15 11:15:28 : INFO  CNRB Created...
2022-09-15 11:15:28 : INFO  CNRB Created...
2022-09-15 11:15:28 : INFO  CNRB Created...
2022-09-15 11:15:28 : INFO  CNRB Created...
2022-09-15 11:15:28 : INFO  CNRB Created...
2022-09-15 11:15:28 : INFO  CNRB Created...
2022-09-15 11:15:28 : INFO  CNRB Created...
2022-09-15 11:15:28 : INFO  CNRB Created...
2022-09-15 11:15:28 : INFO  CNRB Created...
2022-09-15 11:15:28 : INFO  CNRB Created...
2022-09-15 11:15:28 : INFO  CNRB Created...
2022-09-15 11:15:28 : INFO  CNRB Created...
2022-09-15 11:15:28 : INFO  CNRB Created...
2022-09-15 11:15:28 : INFO  CNRB Created...
2022-09-15 11:15:28 : INFO  CNRB Created...
2022-09-15 11:15:28 : INFO  CNRB Created...
2022-09-15 11:15:29 : INFO  CNRB Created...
2022-09-15 11:15:29 : INFO  CNRB Created...
2022-09-15 11:15:29 : INFO  CNRB Created...
2022-09-15 11:15:29 : INFO  CNRB Created...
2022-09-15 11:15:29 : INFO  CNRB Created...
2022-09-15 11:15:29 : INFO  CNRB Created...
2022-09-15 11:15:29 : INFO  CNRB Created...
2022-09-15 11:15:29 : INFO  CNRB Created...
2022-09-15 11:15:29 : INFO  CNRB Created...
2022-09-15 11:15:29 : INFO  CNRB Created...
2022-09-15 11:15:29 : INFO  CNRB Created...
2022-09-15 11:15:29 : INFO  CNRB Created...
2022-09-15 11:15:29 : INFO  CNRB Created...
2022-09-15 11:15:29 : INFO  CNRB Created...
2022-09-15 11:15:29 : INFO  CNRB Created...
2022-09-15 11:15:29 : INFO  CNRB Created...
2022-09-15 11:15:29 : INFO  CNRB Created...
2022-09-15 11:15:29 : INFO  CNRB Created...
2022-09-15 11:15:29 : INFO  CNRB Created...
2022-09-15 11:15:29 : INFO  CNRB Created...
2022-09-15 11:15:29 : INFO  CNRB Created...
2022-09-15 11:15:29 : INFO  CNRB Created...
2022-09-15 11:15:29 : INFO  CNRB Created...
2022-09-15 11:15:29 : INFO  CNRB Created...
2022-09-15 11:15:29 : INFO  CNRB Created...
2022-09-15 11:15:29 : INFO  CNRB Created...
2022-09-15 11:15:29 : INFO  CNRB Created...
2022-09-15 11:15:29 : INFO  CNRB Created...
2022-09-15 11:15:29 : INFO  CNRB Created...
2022-09-15 11:15:29 : INFO  CNRB Created...
2022-09-15 11:15:29 : INFO  CNRB Created...
2022-09-15 11:15:29 : INFO  CNRB Created...
2022-09-15 11:15:29 : INFO  CNRB Created...
2022-09-15 11:15:29 : INFO  CNRB Created...
2022-09-15 11:15:29 : INFO  CNRB Created...
2022-09-15 11:15:29 : INFO  CNRB Created...
2022-09-15 11:15:29 : INFO  CNRB Created...
2022-09-15 11:15:29 : INFO  CNRB Created...
2022-09-15 11:15:29 : INFO  CNRB Created...
2022-09-15 11:15:29 : INFO  CNRB Created...
2022-09-15 11:15:29 : INFO  CNRB Created...
2022-09-15 11:15:29 : INFO  CNRB Created...
2022-09-15 11:15:29 : INFO  CNRB Created...
2022-09-15 11:15:29 : INFO  CNRB Created...
2022-09-15 11:15:29 : INFO  CNRB Created...
2022-09-15 11:15:29 : INFO  CNRB Created...
2022-09-15 11:15:29 : INFO  CNRB Created...
2022-09-15 11:15:29 : INFO  CNRB Created...
2022-09-15 11:15:29 : INFO  CNRB Created...
2022-09-15 11:15:29 : INFO  CNRB Created...
2022-09-15 11:15:29 : INFO  CNRB Created...
2022-09-15 11:15:29 : INFO  CNRB Created...
2022-09-15 11:15:29 : INFO  CNRB Created...
2022-09-15 11:15:29 : INFO  CNRB Created...
2022-09-15 11:15:29 : INFO  CNRB Created...
2022-09-15 11:15:29 : INFO  CNRB Created...
2022-09-15 11:15:29 : INFO  CNRB Created...
2022-09-15 11:15:29 : INFO  CNRB Created...
2022-09-15 11:15:29 : INFO  CNRB Created...
2022-09-15 11:15:29 : INFO  CNRB Created...
2022-09-15 11:15:29 : INFO  CNRB Created...
2022-09-15 11:15:29 : INFO  CNRB Created...
2022-09-15 11:15:29 : INFO  CNRB Created...
2022-09-15 11:15:29 : INFO  CNRB Created...
2022-09-15 11:15:29 : INFO  CNRB Created...
2022-09-15 11:15:29 : INFO  CNRB Created...
2022-09-15 11:15:29 : INFO  CNRB Created...
2022-09-15 11:15:29 : INFO  Boundary spc Created...
2022-09-15 11:15:30 : INFO  Curve 1 defined...
2022-09-15 11:15:30 : INFO  Boundary prescribed motion Created...
2022-09-15 11:15:30 : INFO  Curve 2 defined...
2022-09-15 11:15:30 : INFO  Boundary prescribed motion Created...
2022-09-15 11:15:30 : INFO  Curve 3 defined...
2022-09-15 11:15:30 : INFO  Boundary prescribed motion Created...
2022-09-15 11:15:30 : INFO  DB Binary Created...
2022-09-15 11:15:30 : INFO  Output Setting...
2022-09-15 11:15:30 : INFO  Control Accuracy Created...
2022-09-15 11:15:30 : INFO  Control Bulk Viscosity Created...
2022-09-15 11:15:30 : INFO  Control Energy Created...
2022-09-15 11:15:30 : INFO  Control Hourglass Created...
2022-09-15 11:15:30 : INFO  Control Shell Created...
2022-09-15 11:15:30 : INFO  Control Contact Created...
2022-09-15 11:15:30 : INFO  Contact  Created...
2022-09-15 11:15:30 : INFO  Contact  Created...
2022-09-15 11:15:30 : INFO  Contact  Created...
2022-09-15 11:15:39 : INFO  Camry_RC_main.k is outputed...
