2022-09-15 11:16:15 : INFO  Connected to kwServer...
2022-09-15 11:16:15 : INFO  D:\pyDyna\examples\SALE\input\sale_efp\input\efpcase.k uploaded to server...
2022-09-15 11:16:16 : INFO  Setup Analysis...
2022-09-15 11:16:16 : INFO  ALE Structured mesh 1 Created...
2022-09-15 11:16:16 : INFO  Material vacuum Created...
2022-09-15 11:16:16 : INFO  Material vacuum Created...
2022-09-15 11:16:16 : INFO  Material air Created...
2022-09-15 11:16:16 : INFO  Material air Created...
2022-09-15 11:16:16 : INFO  Material air filled in Mesh 1...
2022-09-15 11:16:16 : INFO  Material HE Created...
2022-09-15 11:16:16 : INFO  Material HE Created...
2022-09-15 11:16:16 : INFO  Material HE filled in Mesh 1...
2022-09-15 11:16:16 : INFO  Material liner Created...
2022-09-15 11:16:16 : INFO  Material liner Created...
2022-09-15 11:16:16 : INFO  Material liner filled in Mesh 1...
2022-09-15 11:16:16 : INFO  Location of high explosive detonation Defined...
2022-09-15 11:16:16 : INFO  Output Setting...
2022-09-15 11:16:16 : INFO  Control Accuracy Created...
2022-09-15 11:16:16 : INFO  Control Bulk Viscosity Created...
2022-09-15 11:16:16 : INFO  Control Energy Created...
2022-09-15 11:16:16 : INFO  Control Hourglass Created...
2022-09-15 11:16:16 : INFO  Control Shell Created...
2022-09-15 11:16:16 : INFO  Control Contact Created...
2022-09-15 11:16:16 : INFO  efpcase.k is outputed...
