2022-09-15 11:14:17 : INFO  Connected to kwServer...
2022-09-15 11:14:17 : INFO  D:\pyDyna\examples\IGA\input\iga_sample\input\maino.k uploaded to server...
2022-09-15 11:14:17 : INFO  D:\pyDyna\examples\IGA\input\iga_sample\input\rkrwelds.key uploaded to server...
2022-09-15 11:14:18 : INFO  D:\pyDyna\examples\IGA\input\iga_sample\input\27parts.key uploaded to server...
2022-09-15 11:14:20 : INFO  Timestep Created...
2022-09-15 11:14:20 : INFO  Setting termination time ...
2022-09-15 11:14:20 : INFO  Material Piecewise Linear Plasticity Created...
2022-09-15 11:14:20 : INFO  Material Piecewise Linear Plasticity Created...
2022-09-15 11:14:20 : INFO  Material Piecewise Linear Plasticity Created...
2022-09-15 11:14:20 : INFO  Material Piecewise Linear Plasticity Created...
2022-09-15 11:14:20 : INFO  Material Piecewise Linear Plasticity Created...
2022-09-15 11:14:20 : INFO  Material Piecewise Linear Plasticity Created...
2022-09-15 11:14:20 : INFO  Material Piecewise Linear Plasticity Created...
2022-09-15 11:14:20 : INFO  Material Piecewise Linear Plasticity Created...
2022-09-15 11:14:20 : INFO  Material Piecewise Linear Plasticity Created...
2022-09-15 11:14:20 : INFO  Material Piecewise Linear Plasticity Created...
2022-09-15 11:14:20 : INFO  Material Piecewise Linear Plasticity Created...
2022-09-15 11:14:20 : INFO  Material Piecewise Linear Plasticity Created...
2022-09-15 11:14:20 : INFO  Material Piecewise Linear Plasticity Created...
2022-09-15 11:14:20 : INFO  Material Piecewise Linear Plasticity Created...
2022-09-15 11:14:20 : INFO  Material Piecewise Linear Plasticity Created...
2022-09-15 11:14:20 : INFO  Material Piecewise Linear Plasticity Created...
2022-09-15 11:14:20 : INFO  Material Piecewise Linear Plasticity Created...
2022-09-15 11:14:20 : INFO  Material Piecewise Linear Plasticity Created...
2022-09-15 11:14:20 : INFO  Material Piecewise Linear Plasticity Created...
2022-09-15 11:14:20 : INFO  Material Piecewise Linear Plasticity Created...
2022-09-15 11:14:20 : INFO  Material Piecewise Linear Plasticity Created...
2022-09-15 11:14:20 : INFO  Material Piecewise Linear Plasticity Created...
2022-09-15 11:14:20 : INFO  Material Piecewise Linear Plasticity Created...
2022-09-15 11:14:20 : INFO  Material Piecewise Linear Plasticity Created...
2022-09-15 11:14:20 : INFO  Material Piecewise Linear Plasticity Created...
2022-09-15 11:14:20 : INFO  Material Piecewise Linear Plasticity Created...
2022-09-15 11:14:20 : INFO  Material Piecewise Linear Plasticity Created...
2022-09-15 11:14:20 : INFO  Material Piecewise Linear Plasticity Created...
2022-09-15 11:14:20 : INFO  Material Piecewise Linear Plasticity Created...
2022-09-15 11:14:20 : INFO  Material Piecewise Linear Plasticity Created...
2022-09-15 11:14:20 : INFO  Material Piecewise Linear Plasticity Created...
2022-09-15 11:14:20 : INFO  Material Spotweld Created...
2022-09-15 11:14:20 : INFO  Material Spotweld Created...
2022-09-15 11:14:20 : INFO  Material Spotweld Created...
2022-09-15 11:14:20 : INFO  Material Spotweld Created...
2022-09-15 11:14:20 : INFO  Material Spotweld Created...
2022-09-15 11:14:20 : INFO  Material Spotweld Created...
2022-09-15 11:14:20 : INFO  Material Spotweld Created...
2022-09-15 11:14:20 : INFO  Material Spotweld Created...
2022-09-15 11:14:20 : INFO  Material Spotweld Created...
2022-09-15 11:14:20 : INFO  Material Spotweld Created...
2022-09-15 11:14:20 : INFO  Material Spotweld Created...
2022-09-15 11:14:20 : INFO  Material Spotweld Created...
2022-09-15 11:14:20 : INFO  Material Spotweld Created...
2022-09-15 11:14:20 : INFO  Material Spotweld Created...
2022-09-15 11:14:20 : INFO  Material Spotweld Created...
2022-09-15 11:14:20 : INFO  Material Spotweld Created...
2022-09-15 11:14:20 : INFO  Material Spotweld Created...
2022-09-15 11:14:20 : INFO  Material Spotweld Created...
2022-09-15 11:14:20 : INFO  Material Spotweld Created...
2022-09-15 11:14:20 : INFO  Material Spotweld Created...
2022-09-15 11:14:20 : INFO  Material Spotweld Created...
2022-09-15 11:14:20 : INFO  Material Spotweld Created...
2022-09-15 11:14:20 : INFO  Material Spotweld Created...
2022-09-15 11:14:20 : INFO  Material Spotweld Created...
2022-09-15 11:14:20 : INFO  Material Spotweld Created...
2022-09-15 11:14:20 : INFO  Material Spotweld Created...
2022-09-15 11:14:20 : INFO  Material Spotweld Created...
2022-09-15 11:14:20 : INFO  Material Spotweld Created...
2022-09-15 11:14:20 : INFO  Material Spotweld Created...
2022-09-15 11:14:20 : INFO  Material Spotweld Created...
2022-09-15 11:14:20 : INFO  Material Spotweld Created...
2022-09-15 11:14:20 : INFO  Material Spotweld Created...
2022-09-15 11:14:20 : INFO  Material Spotweld Created...
2022-09-15 11:14:20 : INFO  Material Spotweld Created...
2022-09-15 11:14:20 : INFO  Material Spotweld Created...
2022-09-15 11:14:20 : INFO  Material Spotweld Created...
2022-09-15 11:14:20 : INFO  Material Spotweld Created...
2022-09-15 11:14:20 : INFO  Material Spotweld Created...
2022-09-15 11:14:20 : INFO  Material Spotweld Created...
2022-09-15 11:14:20 : INFO  Material Spotweld Created...
2022-09-15 11:14:20 : INFO  Material Spotweld Created...
2022-09-15 11:14:20 : INFO  Material Spotweld Created...
2022-09-15 11:14:20 : INFO  Material Spotweld Created...
2022-09-15 11:14:20 : INFO  Material Spotweld Created...
2022-09-15 11:14:20 : INFO  Material Spotweld Created...
2022-09-15 11:14:20 : INFO  Material Spotweld Created...
2022-09-15 11:14:20 : INFO  Material Spotweld Created...
2022-09-15 11:14:20 : INFO  Material Spotweld Created...
2022-09-15 11:14:20 : INFO  Material Spotweld Created...
2022-09-15 11:14:20 : INFO  Material Spotweld Created...
2022-09-15 11:14:20 : INFO  Material Spotweld Created...
2022-09-15 11:14:20 : INFO  Material Spotweld Created...
2022-09-15 11:14:20 : INFO  Material Spotweld Created...
2022-09-15 11:14:20 : INFO  Material Spotweld Created...
2022-09-15 11:14:20 : INFO  Material Spotweld Created...
2022-09-15 11:14:20 : INFO  Material Spotweld Created...
2022-09-15 11:14:20 : INFO  Material Spotweld Created...
2022-09-15 11:14:20 : INFO  Material Spotweld Created...
2022-09-15 11:14:20 : INFO  Material Spotweld Created...
2022-09-15 11:14:20 : INFO  Material Spotweld Created...
2022-09-15 11:14:20 : INFO  Material Spotweld Created...
2022-09-15 11:14:20 : INFO  Material Spotweld Created...
2022-09-15 11:14:20 : INFO  Material Spotweld Created...
2022-09-15 11:14:20 : INFO  Material Spotweld Created...
2022-09-15 11:14:20 : INFO  Material Spotweld Created...
2022-09-15 11:14:20 : INFO  Material Spotweld Created...
2022-09-15 11:14:20 : INFO  Material Spotweld Created...
2022-09-15 11:14:20 : INFO  Material Spotweld Created...
2022-09-15 11:14:20 : INFO  Material Spotweld Created...
2022-09-15 11:14:20 : INFO  Material Spotweld Created...
2022-09-15 11:14:20 : INFO  Material Spotweld Created...
2022-09-15 11:14:20 : INFO  Material Spotweld Created...
2022-09-15 11:14:20 : INFO  Material Spotweld Created...
2022-09-15 11:14:20 : INFO  Material Spotweld Created...
2022-09-15 11:14:20 : INFO  Material Spotweld Created...
2022-09-15 11:14:20 : INFO  Material Spotweld Created...
2022-09-15 11:14:20 : INFO  Material Spotweld Created...
2022-09-15 11:14:20 : INFO  Material Spotweld Created...
2022-09-15 11:14:20 : INFO  Material Spotweld Created...
2022-09-15 11:14:20 : INFO  Material Spotweld Created...
2022-09-15 11:14:20 : INFO  Material Spotweld Created...
2022-09-15 11:14:20 : INFO  Material Spotweld Created...
2022-09-15 11:14:20 : INFO  Material Spotweld Created...
2022-09-15 11:14:20 : INFO  Material Spotweld Created...
2022-09-15 11:14:20 : INFO  Material Spotweld Created...
2022-09-15 11:14:20 : INFO  Material Spotweld Created...
2022-09-15 11:14:20 : INFO  Material Spotweld Created...
2022-09-15 11:14:20 : INFO  Material Spotweld Created...
2022-09-15 11:14:20 : INFO  Material Spotweld Created...
2022-09-15 11:14:20 : INFO  Material Spotweld Created...
2022-09-15 11:14:20 : INFO  Material Spotweld Created...
2022-09-15 11:14:20 : INFO  Material Spotweld Created...
2022-09-15 11:14:20 : INFO  Material Spotweld Created...
2022-09-15 11:14:20 : INFO  Material Spotweld Created...
2022-09-15 11:14:20 : INFO  Material Spotweld Created...
2022-09-15 11:14:20 : INFO  Material Spotweld Created...
2022-09-15 11:14:20 : INFO  Material Spotweld Created...
2022-09-15 11:14:20 : INFO  Material Spotweld Created...
2022-09-15 11:14:20 : INFO  Material Spotweld Created...
2022-09-15 11:14:20 : INFO  Curve 1 defined...
2022-09-15 11:14:20 : INFO  DB Binary Created...
2022-09-15 11:14:20 : INFO  Control Accuracy Created...
2022-09-15 11:14:20 : INFO  Control Bulk Viscosity Created...
2022-09-15 11:14:20 : INFO  Control Energy Created...
2022-09-15 11:14:20 : INFO  Control Hourglass Created...
2022-09-15 11:14:20 : INFO  Control Shell Created...
2022-09-15 11:14:20 : INFO  Control Contact Created...
2022-09-15 11:14:20 : INFO  Contact  Created...
2022-09-15 11:14:21 : INFO  Contact  Created...
2022-09-15 11:14:23 : INFO  Cylinder Rigidwall Created...
2022-09-15 11:14:23 : INFO  Cylinder Rigidwall Created...
2022-09-15 11:14:23 : INFO  Cylinder Rigidwall Created...
2022-09-15 11:14:24 : INFO  maino.k is outputed...
