2022-09-15 11:09:42 : INFO  Connected to kwServer...
2022-09-15 11:09:42 : INFO  D:\pyDyna\examples\EM\input\em_railgun\input\em_railgun.k uploaded to server...
2022-09-15 11:09:42 : INFO  Setting termination time ...
2022-09-15 11:09:42 : INFO  EM Timestep Created...
2022-09-15 11:09:42 : INFO  EM Solver BEM Created...
2022-09-15 11:09:42 : INFO  Curve 1 defined...
2022-09-15 11:09:42 : INFO  Segment Set Created...
2022-09-15 11:09:42 : INFO  Segment Set Created...
2022-09-15 11:09:43 : INFO  Segment Set Created...
2022-09-15 11:09:43 : INFO  Material EM Created...
2022-09-15 11:09:43 : INFO  Material Elastic Created...
2022-09-15 11:09:43 : INFO  Material EM Created...
2022-09-15 11:09:43 : INFO  Material RIGID Created...
2022-09-15 11:09:43 : INFO  Material EM Created...
2022-09-15 11:09:43 : INFO  Material RIGID Created...
2022-09-15 11:09:43 : INFO  Boundary spc Created...
2022-09-15 11:09:43 : INFO  Boundary spc Created...
2022-09-15 11:09:43 : INFO  EM Control Contact Created...
2022-09-15 11:09:43 : INFO  Segment Set Created...
2022-09-15 11:09:43 : INFO  EM Circuit Rogo Created...
2022-09-15 11:09:43 : INFO  DB Binary Created...
2022-09-15 11:09:43 : INFO  EM Output Created...
2022-09-15 11:09:43 : INFO  EM Database Global Energy Created...
2022-09-15 11:09:43 : INFO  EM Circuit 1 Created...
2022-09-15 11:09:43 : INFO  EM Solver BEMMAT Created...
2022-09-15 11:09:43 : INFO  em_railgun.k is outputed...
